"timestamp","inputBitrate","demuxBitrate","demuxCorrupted","demuxDiscontinuity","sendBitrate","framesDisplayed","playedAudioBuffers","decodedVideo","decodedAudio","framesDisplayedAux","playedAudioBuffersAux","decodedVideoAux","decodedAudioAux","framesDisplayedCalc","playedAudioBuffersCalc","decodedVideoCalc","decodedAudioCalc"
1720365509,0,0,0,0,0,0,0,0,0,0,0,0,0,0,0,0,0
1720365510,0,0,0,0,0,0,0,0,0,0,0,0,0,0,0,0,0
1720365511,0,1,0,0,0,7,0,66,0,0,0,0,0,7,0,66,0
1720365512,0,2,0,0,0,31,0,204,0,7,0,66,0,24,0,138,0
1720365513,0,2,0,0,0,70,0,318,0,31,0,204,0,39,0,114,0
1720365514,0,3,0,0,0,98,0,398,0,70,0,318,0,28,0,80,0
1720365515,0,3,0,0,0,138,0,502,0,98,0,398,0,40,0,104,0
1720365516,0,4,0,0,0,173,0,600,0,138,0,502,0,35,0,98,0
1720365517,0,6,1,0,0,209,0,702,0,173,0,600,0,36,0,102,0
1720365518,0,7,1,0,0,247,0,801,0,209,0,702,0,38,0,99,0
1720365519,0,8,1,0,0,281,0,895,0,247,0,801,0,34,0,94,0
1720365520,0,7,1,1,0,310,0,1014,0,281,0,895,0,29,0,119,0
1720365521,0,9,2,1,0,330,0,1046,0,310,0,1014,0,20,0,32,0
1720365522,0,9,2,1,0,358,0,1123,0,330,0,1046,0,28,0,77,0
1720365523,0,7,2,1,0,392,0,1213,0,358,0,1123,0,34,0,90,0
1720365524,0,9,2,1,0,427,0,1307,0,392,0,1213,0,35,0,94,0
1720365525,0,10,2,1,0,458,0,1397,0,427,0,1307,0,31,0,90,0
1720365526,0,10,2,1,0,482,0,1461,0,458,0,1397,0,24,0,64,0
1720365527,0,8,2,1,0,514,0,1551,0,482,0,1461,0,32,0,90,0
1720365528,0,4,2,1,0,552,0,1643,0,514,0,1551,0,38,0,92,0
1720365529,0,6,2,1,0,583,0,1729,0,552,0,1643,0,31,0,86,0
1720365530,0,6,2,1,0,602,0,1826,0,583,0,1729,0,19,0,97,0
1720365531,0,6,2,1,0,602,0,1826,0,602,0,1826,0,0,0,0,0
1720365532,0,7,2,1,0,634,0,1840,0,602,0,1826,0,32,0,14,0
1720365533,0,7,2,1,0,669,0,2005,0,634,0,1840,0,35,0,165,0
1720365534,0,2,2,1,0,710,0,2117,0,669,0,2005,0,41,0,112,0
1720365535,0,2,2,1,0,755,0,2231,0,710,0,2117,0,45,0,114,0
1720365536,0,1,2,1,0,800,0,2347,0,755,0,2231,0,45,0,116,0
1720365537,0,1,2,1,0,831,0,2433,0,800,0,2347,0,31,0,86,0
1720365538,0,1,2,1,0,878,0,2549,0,831,0,2433,0,47,0,116,0
1720365539,0,2,2,1,0,927,0,2669,0,878,0,2549,0,49,0,120,0
1720365540,0,1,2,1,0,974,0,2797,0,927,0,2669,0,47,0,128,0
1720365541,0,4,2,1,0,974,0,2797,0,974,0,2797,0,0,0,0,0
1720365542,0,4,2,1,0,1007,0,2851,0,974,0,2797,0,33,0,54,0
1720365543,0,8,2,1,0,1047,0,2977,0,1007,0,2851,0,40,0,126,0
1720365544,0,9,2,1,0,1087,0,3103,0,1047,0,2977,0,40,0,126,0
1720365545,0,8,2,1,0,1127,0,3227,0,1087,0,3103,0,40,0,124,0
1720365546,0,9,2,1,0,1170,0,3351,0,1127,0,3227,0,43,0,124,0
1720365547,0,8,2,1,0,1198,0,3431,0,1170,0,3351,0,28,0,80,0
1720365548,0,8,2,1,0,1198,0,3431,0,1198,0,3431,0,0,0,0,0
1720365549,0,10,2,1,0,1245,0,3531,0,1198,0,3431,0,47,0,100,0
1720365550,0,9,2,1,0,1269,0,3644,0,1245,0,3531,0,24,0,113,0
1720365551,0,9,2,1,0,1289,0,3670,0,1269,0,3644,0,20,0,26,0
1720365552,0,10,2,1,0,1321,0,3754,0,1289,0,3670,0,32,0,84,0
1720365553,0,9,2,1,0,1354,0,3836,0,1321,0,3754,0,33,0,82,0
1720365554,0,9,2,1,0,1384,0,3922,0,1354,0,3836,0,30,0,86,0
1720365555,0,9,2,1,0,1417,0,4008,0,1384,0,3922,0,33,0,86,0
1720365556,0,10,2,1,0,1442,0,4078,0,1417,0,4008,0,25,0,70,0
1720365557,0,9,2,1,0,1475,0,4168,0,1442,0,4078,0,33,0,90,0
1720365558,0,10,2,1,0,1508,0,4256,0,1475,0,4168,0,33,0,88,0
1720365559,0,9,2,1,0,1541,0,4348,0,1508,0,4256,0,33,0,92,0
1720365560,0,6,2,1,0,1566,0,4465,0,1541,0,4348,0,25,0,117,0
1720365561,0,6,2,1,0,1585,0,4473,0,1566,0,4465,0,19,0,8,0
1720365562,0,6,2,1,0,1611,0,4579,0,1585,0,4473,0,26,0,106,0
1720365563,0,5,2,1,0,1647,0,4675,0,1611,0,4579,0,36,0,96,0
1720365564,0,5,2,1,0,1685,0,4777,0,1647,0,4675,0,38,0,102,0
1720365565,0,4,2,1,0,1723,0,4875,0,1685,0,4777,0,38,0,98,0
1720365566,0,4,2,1,0,1761,0,4975,0,1723,0,4875,0,38,0,100,0
1720365567,0,4,2,1,0,1798,0,5079,0,1761,0,4975,0,37,0,104,0
1720365568,0,3,2,1,0,1834,0,5183,0,1798,0,5079,0,36,0,104,0
1720365569,0,3,2,1,0,1870,0,5285,0,1834,0,5183,0,36,0,102,0
1720365570,0,3,2,1,0,1898,0,5394,0,1870,0,5285,0,28,0,109,0
1720365571,0,4,2,1,0,1898,0,5394,0,1898,0,5394,0,0,0,0,0
1720365572,0,5,2,1,0,1935,0,5473,0,1898,0,5394,0,37,0,79,0
1720365573,0,4,2,1,0,1977,0,5607,0,1935,0,5473,0,42,0,134,0
1720365574,0,3,2,1,0,2017,0,5721,0,1977,0,5607,0,40,0,114,0
1720365575,0,6,2,1,0,2046,0,5801,0,2017,0,5721,0,29,0,80,0
1720365576,0,7,2,1,0,2085,0,5917,0,2046,0,5801,0,39,0,116,0
1720365577,0,6,2,1,0,2126,0,6039,0,2085,0,5917,0,41,0,122,0
1720365578,0,6,2,1,0,2144,0,6089,0,2126,0,6039,0,18,0,50,0
1720365579,0,3,2,1,0,2173,0,6147,0,2144,0,6089,0,29,0,58,0
1720365580,0,3,2,1,0,2197,0,6260,0,2173,0,6147,0,24,0,113,0
1720365581,0,3,2,1,0,2219,0,6292,0,2197,0,6260,0,22,0,32,0
1720365582,0,4,2,1,0,2254,0,6384,0,2219,0,6292,0,35,0,92,0
1720365583,0,3,2,1,0,2290,0,6484,0,2254,0,6384,0,36,0,100,0
1720365584,0,3,2,1,0,2329,0,6588,0,2290,0,6484,0,39,0,104,0
1720365585,0,1,2,1,0,2369,0,6704,0,2329,0,6588,0,40,0,116,0
1720365586,0,1,2,1,0,2413,0,6814,0,2369,0,6704,0,44,0,110,0
1720365587,0,1,2,1,0,2433,0,6862,0,2413,0,6814,0,20,0,48,0
1720365588,0,1,2,1,0,2433,0,6862,0,2433,0,6862,0,0,0,0,0
1720365589,0,1,2,1,0,2433,0,6862,0,2433,0,6862,0,0,0,0,0
1720365590,0,1,2,1,0,2433,0,6862,0,2433,0,6862,0,0,0,0,0
1720365591,0,1,2,1,0,2433,0,6862,0,2433,0,6862,0,0,0,0,0
1720365592,0,1,2,1,0,2433,0,6862,0,2433,0,6862,0,0,0,0,0
1720365593,0,1,2,1,0,2433,0,6862,0,2433,0,6862,0,0,0,0,0
1720365594,0,1,2,1,0,2433,0,6862,0,2433,0,6862,0,0,0,0,0
1720365595,0,1,2,1,0,2433,0,6862,0,2433,0,6862,0,0,0,0,0
1720365596,0,1,2,1,0,2570,0,6863,0,2433,0,6862,0,137,0,1,0
