"timestamp","inputBitrate","demuxBitrate","demuxCorrupted","demuxDiscontinuity","sendBitrate","framesDisplayed","playedAudioBuffers","decodedVideo","decodedAudio","framesDisplayedAux","playedAudioBuffersAux","decodedVideoAux","decodedAudioAux","framesDisplayedCalc","playedAudioBuffersCalc","decodedVideoCalc","decodedAudioCalc"
1720365658,0,0,0,0,0,0,0,0,0,0,0,0,0,0,0,0,0
1720365659,0,0,0,0,0,0,0,0,0,0,0,0,0,0,0,0,0
1720365660,0,1,0,0,0,10,0,22,0,0,0,0,0,10,0,22,0
1720365661,0,1,0,0,0,38,0,124,0,10,0,22,0,28,0,102,0
1720365662,0,1,0,0,0,41,0,169,0,38,0,124,0,3,0,45,0
1720365663,0,2,0,0,0,100,0,319,0,41,0,169,0,59,0,150,0
1720365664,0,2,0,0,0,145,0,409,0,100,0,319,0,45,0,90,0
1720365665,0,3,0,0,0,201,0,521,0,145,0,409,0,56,0,112,0
1720365666,0,4,0,0,0,255,0,629,0,201,0,521,0,54,0,108,0
1720365667,0,6,1,0,0,310,0,737,0,255,0,629,0,55,0,108,0
1720365668,0,8,1,0,0,362,0,842,0,310,0,737,0,52,0,105,0
1720365669,0,8,1,2,0,406,0,930,0,362,0,842,0,44,0,88,0
1720365670,0,8,2,2,0,406,0,930,0,406,0,930,0,0,0,0,0
1720365671,0,10,2,2,0,436,0,1023,0,406,0,930,0,30,0,93,0
1720365672,0,10,2,2,0,487,0,1125,0,436,0,1023,0,51,0,102,0
1720365673,0,9,2,2,0,538,0,1227,0,487,0,1125,0,51,0,102,0
1720365674,0,12,2,2,0,590,0,1331,0,538,0,1227,0,52,0,104,0
1720365675,0,11,2,2,0,641,0,1433,0,590,0,1331,0,51,0,102,0
1720365676,0,9,2,2,0,682,0,1515,0,641,0,1433,0,41,0,82,0
1720365677,0,8,2,2,0,737,0,1625,0,682,0,1515,0,55,0,110,0
1720365678,0,8,2,2,0,793,0,1737,0,737,0,1625,0,56,0,112,0
1720365679,0,7,2,2,0,847,0,1845,0,793,0,1737,0,54,0,108,0
1720365680,0,7,2,2,0,865,0,1932,0,847,0,1845,0,18,0,87,0
1720365681,0,5,2,2,0,923,0,2036,0,865,0,1932,0,58,0,104,0
1720365682,0,2,2,2,0,969,0,2130,0,923,0,2036,0,46,0,94,0
1720365683,0,2,2,2,0,1035,0,2262,0,969,0,2130,0,66,0,132,0
1720365684,0,1,2,2,0,1103,0,2398,0,1035,0,2262,0,68,0,136,0
1720365685,0,2,2,2,0,1166,0,2524,0,1103,0,2398,0,63,0,126,0
1720365686,0,2,2,2,0,1233,0,2658,0,1166,0,2524,0,67,0,134,0
1720365687,0,1,2,2,0,1298,0,2788,0,1233,0,2658,0,65,0,130,0
1720365688,0,6,2,2,0,1352,0,2894,0,1298,0,2788,0,54,0,106,0
1720365689,0,10,2,2,0,1392,0,2974,0,1352,0,2894,0,40,0,80,0
1720365690,0,10,2,2,0,1450,0,3090,0,1392,0,2974,0,58,0,116,0
1720365691,0,10,2,2,0,1498,0,3182,0,1450,0,3090,0,48,0,92,0
1720365692,0,10,2,2,0,1553,0,3292,0,1498,0,3182,0,55,0,110,0
1720365693,0,10,2,2,0,1605,0,3396,0,1553,0,3292,0,52,0,104,0
1720365694,0,10,2,2,0,1656,0,3498,0,1605,0,3396,0,51,0,102,0
1720365695,0,10,2,2,0,1696,0,3578,0,1656,0,3498,0,40,0,80,0
1720365696,0,10,2,2,0,1751,0,3688,0,1696,0,3578,0,55,0,110,0
1720365697,0,10,2,2,0,1807,0,3800,0,1751,0,3688,0,56,0,112,0
1720365698,0,10,2,2,0,1865,0,3916,0,1807,0,3800,0,58,0,116,0
1720365699,0,11,2,2,0,1927,0,4040,0,1865,0,3916,0,62,0,124,0
1720365700,0,11,2,2,0,1950,0,4086,0,1927,0,4040,0,23,0,46,0
1720365701,0,11,2,2,0,1950,0,4086,0,1950,0,4086,0,0,0,0,0
1720365702,0,11,2,2,0,2014,0,4168,0,1950,0,4086,0,64,0,82,0
1720365703,0,8,2,2,0,2078,0,4296,0,2014,0,4168,0,64,0,128,0
1720365704,0,7,2,2,0,2140,0,4420,0,2078,0,4296,0,62,0,124,0
1720365705,0,7,2,2,0,2203,0,4546,0,2140,0,4420,0,63,0,126,0
1720365706,0,6,2,2,0,2266,0,4672,0,2203,0,4546,0,63,0,126,0
1720365707,0,6,2,2,0,2312,0,4764,0,2266,0,4672,0,46,0,92,0
1720365708,0,5,2,2,0,2373,0,4886,0,2312,0,4764,0,61,0,122,0
1720365709,0,5,2,2,0,2436,0,5012,0,2373,0,4886,0,63,0,126,0
1720365710,0,4,2,2,0,2492,0,5124,0,2436,0,5012,0,56,0,112,0
1720365711,0,4,2,2,0,2492,0,5124,0,2492,0,5124,0,0,0,0,0
1720365712,0,4,2,2,0,2560,0,5232,0,2492,0,5124,0,68,0,108,0
1720365713,0,4,2,2,0,2626,0,5362,0,2560,0,5232,0,66,0,130,0
1720365714,0,5,2,2,0,2674,0,5458,0,2626,0,5362,0,48,0,96,0
1720365715,0,4,2,2,0,2737,0,5584,0,2674,0,5458,0,63,0,126,0
1720365716,0,4,2,2,0,2801,0,5712,0,2737,0,5584,0,64,0,128,0
1720365717,0,7,2,2,0,2862,0,5836,0,2801,0,5712,0,61,0,124,0
1720365718,0,8,2,2,0,2908,0,5939,0,2862,0,5836,0,46,0,103,0
1720365719,0,7,2,2,0,2970,0,6063,0,2908,0,5939,0,62,0,124,0
1720365720,0,4,2,2,0,3034,0,6191,0,2970,0,6063,0,64,0,128,0
1720365721,0,3,2,2,0,3062,0,6227,0,3034,0,6191,0,28,0,36,0
1720365722,0,4,2,2,0,3126,0,6357,0,3062,0,6227,0,64,0,130,0
1720365723,0,4,2,2,0,3189,0,6483,0,3126,0,6357,0,63,0,126,0
1720365724,0,4,2,2,0,3253,0,6609,0,3189,0,6483,0,64,0,126,0
1720365725,0,3,2,2,0,3299,0,6703,0,3253,0,6609,0,46,0,94,0
1720365726,0,1,2,2,0,3378,0,6861,0,3299,0,6703,0,79,0,158,0
1720365727,0,1,2,2,0,3432,0,6969,0,3378,0,6861,0,54,0,108,0
1720365728,0,1,2,2,0,3448,0,7001,0,3432,0,6969,0,16,0,32,0
1720365729,0,1,2,2,0,3448,0,7001,0,3448,0,7001,0,0,0,0,0
1720365730,0,1,2,2,0,3448,0,7001,0,3448,0,7001,0,0,0,0,0
1720365731,0,1,2,2,0,3448,0,7001,0,3448,0,7001,0,0,0,0,0
1720365732,0,1,2,2,0,3448,0,7001,0,3448,0,7001,0,0,0,0,0
1720365733,0,1,2,2,0,3448,0,7001,0,3448,0,7001,0,0,0,0,0
1720365734,0,1,2,2,0,3448,0,7001,0,3448,0,7001,0,0,0,0,0
1720365735,0,1,2,2,0,3448,0,7001,0,3448,0,7001,0,0,0,0,0
1720365736,0,1,2,2,0,3448,0,7001,0,3448,0,7001,0,0,0,0,0
