"timestamp","inputBitrate","demuxBitrate","demuxCorrupted","demuxDiscontinuity","sendBitrate","framesDisplayed","playedAudioBuffers","decodedVideo","decodedAudio","framesDisplayedAux","playedAudioBuffersAux","decodedVideoAux","decodedAudioAux","framesDisplayedCalc","playedAudioBuffersCalc","decodedVideoCalc","decodedAudioCalc"
1720286469,0,0,0,0,0,0,0,0,0,0,0,0,0,0,0,0,0
1720286470,0,0,0,0,0,0,0,2,0,0,0,0,0,0,0,2,0
1720286471,0,0,0,0,0,49,0,102,0,0,0,2,0,49,0,100,0
1720286472,0,1,0,0,0,105,0,214,0,49,0,102,0,56,0,112,0
1720286473,0,1,0,0,0,161,0,326,0,105,0,214,0,56,0,112,0
1720286474,0,1,0,0,0,216,0,436,0,161,0,326,0,55,0,110,0
1720286475,0,1,0,0,0,273,0,550,0,216,0,436,0,57,0,114,0
1720286476,0,2,0,0,0,313,0,630,0,273,0,550,0,40,0,80,0
1720286477,0,3,0,0,0,368,0,740,0,313,0,630,0,55,0,110,0
1720286478,0,3,0,0,0,420,0,844,0,368,0,740,0,52,0,104,0
1720286479,0,4,0,0,0,471,0,946,0,420,0,844,0,51,0,102,0
1720286480,0,5,0,1,0,501,0,1064,0,471,0,946,0,30,0,118,0
1720286481,0,4,1,1,0,545,0,1130,0,501,0,1064,0,44,0,66,0
1720286482,0,4,1,1,0,581,0,1203,0,545,0,1130,0,36,0,73,0
1720286483,0,6,1,1,0,631,0,1303,0,581,0,1203,0,50,0,100,0
1720286484,0,6,1,1,0,683,0,1409,0,631,0,1303,0,52,0,106,0
1720286485,0,6,1,1,0,736,0,1519,0,683,0,1409,0,53,0,110,0
1720286486,0,5,1,1,0,789,0,1625,0,736,0,1519,0,53,0,106,0
1720286487,0,4,1,1,0,845,0,1737,0,789,0,1625,0,56,0,112,0
1720286488,0,4,1,1,0,886,0,1819,0,845,0,1737,0,41,0,82,0
1720286489,0,4,1,1,0,942,0,1931,0,886,0,1819,0,56,0,112,0
1720286490,0,4,1,1,0,971,0,2051,0,942,0,1931,0,29,0,120,0
1720286491,0,3,1,1,0,971,0,2051,0,971,0,2051,0,0,0,0,0
1720286492,0,1,1,1,0,1052,0,2226,0,971,0,2051,0,81,0,175,0
1720286493,0,1,1,1,0,1114,0,2360,0,1052,0,2226,0,62,0,134,0
1720286494,0,1,1,1,0,1163,0,2464,0,1114,0,2360,0,49,0,104,0
1720286495,0,1,1,1,0,1224,0,2586,0,1163,0,2464,0,61,0,122,0
1720286496,0,1,1,1,0,1287,0,2712,0,1224,0,2586,0,63,0,126,0
1720286497,0,0,1,1,0,1349,0,2836,0,1287,0,2712,0,62,0,124,0
1720286498,0,2,1,1,0,1411,0,2960,0,1349,0,2836,0,62,0,124,0
1720286499,0,5,1,1,0,1474,0,3086,0,1411,0,2960,0,63,0,126,0
1720286500,0,4,1,1,0,1518,0,3178,0,1474,0,3086,0,44,0,92,0
1720286501,0,5,1,1,0,1565,0,3264,0,1518,0,3178,0,47,0,86,0
1720286502,0,5,1,1,0,1624,0,3386,0,1565,0,3264,0,59,0,122,0
1720286503,0,5,1,1,0,1685,0,3512,0,1624,0,3386,0,61,0,126,0
1720286504,0,5,1,1,0,1744,0,3630,0,1685,0,3512,0,59,0,118,0
1720286505,0,5,1,1,0,1784,0,3706,0,1744,0,3630,0,40,0,76,0
1720286506,0,5,1,1,0,1802,0,3738,0,1784,0,3706,0,18,0,32,0
1720286507,0,5,1,1,0,1843,0,3820,0,1802,0,3738,0,41,0,82,0
1720286508,0,5,1,1,0,1894,0,3920,0,1843,0,3820,0,51,0,100,0
1720286509,0,6,1,1,0,1946,0,4026,0,1894,0,3920,0,52,0,106,0
1720286510,0,5,1,1,0,1970,0,4133,0,1946,0,4026,0,24,0,107,0
1720286511,0,6,1,1,0,2011,0,4191,0,1970,0,4133,0,41,0,58,0
1720286512,0,5,1,1,0,2050,0,4269,0,2011,0,4191,0,39,0,78,0
1720286513,0,5,1,1,0,2100,0,4371,0,2050,0,4269,0,50,0,102,0
1720286514,0,4,1,1,0,2157,0,4485,0,2100,0,4371,0,57,0,114,0
1720286515,0,4,1,1,0,2209,0,4589,0,2157,0,4485,0,52,0,104,0
1720286516,0,4,1,1,0,2264,0,4699,0,2209,0,4589,0,55,0,110,0
1720286517,0,3,1,1,0,2321,0,4813,0,2264,0,4699,0,57,0,114,0
1720286518,0,3,1,1,0,2367,0,4905,0,2321,0,4813,0,46,0,92,0
1720286519,0,3,1,1,0,2423,0,5017,0,2367,0,4905,0,56,0,112,0
1720286520,0,2,1,1,0,2459,0,5155,0,2423,0,5017,0,36,0,138,0
1720286521,0,2,1,1,0,2487,0,5207,0,2459,0,5155,0,28,0,52,0
1720286522,0,2,1,1,0,2545,0,5341,0,2487,0,5207,0,58,0,134,0
1720286523,0,2,1,1,0,2598,0,5447,0,2545,0,5341,0,53,0,106,0
1720286524,0,3,1,1,0,2653,0,5557,0,2598,0,5447,0,55,0,110,0
1720286525,0,2,1,1,0,2696,0,5643,0,2653,0,5557,0,43,0,86,0
1720286526,0,2,1,1,0,2752,0,5755,0,2696,0,5643,0,56,0,112,0
1720286527,0,3,1,1,0,2808,0,5867,0,2752,0,5755,0,56,0,112,0
1720286528,0,5,1,1,0,2862,0,5977,0,2808,0,5867,0,54,0,110,0
1720286529,0,4,1,1,0,2915,0,6085,0,2862,0,5977,0,53,0,108,0
1720286530,0,3,1,1,0,2959,0,6211,0,2915,0,6085,0,44,0,126,0
1720286531,0,2,1,1,0,2981,0,6235,0,2959,0,6211,0,22,0,24,0
1720286532,0,2,1,1,0,3028,0,6361,0,2981,0,6235,0,47,0,126,0
1720286533,0,2,1,1,0,3091,0,6491,0,3028,0,6361,0,63,0,130,0
1720286534,0,2,1,1,0,3154,0,6617,0,3091,0,6491,0,63,0,126,0
1720286535,0,2,1,1,0,3216,0,6741,0,3154,0,6617,0,62,0,124,0
1720286536,0,1,1,1,0,3278,0,6865,0,3216,0,6741,0,62,0,124,0
1720286537,0,1,1,1,0,3327,0,6963,0,3278,0,6865,0,49,0,98,0
1720286538,0,1,1,1,0,3354,0,7017,0,3327,0,6963,0,27,0,54,0
1720286539,0,1,1,1,0,3354,0,7017,0,3354,0,7017,0,0,0,0,0
1720286540,0,1,1,1,0,3354,0,7017,0,3354,0,7017,0,0,0,0,0
1720286541,0,1,1,1,0,3354,0,7017,0,3354,0,7017,0,0,0,0,0
1720286542,0,1,1,1,0,3354,0,7017,0,3354,0,7017,0,0,0,0,0
1720286543,0,1,1,1,0,3354,0,7017,0,3354,0,7017,0,0,0,0,0
1720286544,0,1,1,1,0,3354,0,7017,0,3354,0,7017,0,0,0,0,0
1720286545,0,1,1,1,0,3354,0,7017,0,3354,0,7017,0,0,0,0,0
1720286546,0,1,1,1,0,3354,0,7017,0,3354,0,7017,0,0,0,0,0
