"timestamp","inputBitrate","demuxBitrate","demuxCorrupted","demuxDiscontinuity","sendBitrate","framesDisplayed","playedAudioBuffers","decodedVideo","decodedAudio","framesDisplayedAux","playedAudioBuffersAux","decodedVideoAux","decodedAudioAux","framesDisplayedCalc","playedAudioBuffersCalc","decodedVideoCalc","decodedAudioCalc"
1720286663,0,0,0,0,0,0,0,0,0,0,0,0,0,0,0,0,0
1720286664,0,0,0,0,0,0,0,0,0,0,0,0,0,0,0,0,0
1720286665,0,0,0,0,0,12,0,34,0,0,0,0,0,12,0,34,0
1720286666,0,1,0,0,0,62,0,134,0,12,0,34,0,50,0,100,0
1720286667,0,1,0,0,0,120,0,252,0,62,0,134,0,58,0,118,0
1720286668,0,1,0,0,0,181,0,378,0,120,0,252,0,61,0,126,0
1720286669,0,2,0,0,0,241,0,504,0,181,0,378,0,60,0,126,0
1720286670,0,2,0,0,0,285,0,594,0,241,0,504,0,44,0,90,0
1720286671,0,2,0,0,0,342,0,708,0,285,0,594,0,57,0,114,0
1720286672,0,3,0,0,0,394,0,812,0,342,0,708,0,52,0,104,0
1720286673,0,4,0,0,0,452,0,928,0,394,0,812,0,58,0,116,0
1720286674,0,5,0,1,0,501,0,1026,0,452,0,928,0,49,0,98,0
1720286675,0,4,1,1,0,535,0,1142,0,501,0,1026,0,34,0,116,0
1720286676,0,6,1,1,0,582,0,1221,0,535,0,1142,0,47,0,79,0
1720286677,0,6,1,1,0,633,0,1323,0,582,0,1221,0,51,0,102,0
1720286678,0,6,1,1,0,673,0,1403,0,633,0,1323,0,40,0,80,0
1720286679,0,6,1,1,0,725,0,1511,0,673,0,1403,0,52,0,108,0
1720286680,0,4,1,1,0,779,0,1617,0,725,0,1511,0,54,0,106,0
1720286681,0,4,1,1,0,834,0,1727,0,779,0,1617,0,55,0,110,0
1720286682,0,4,1,1,0,871,0,1803,0,834,0,1727,0,37,0,76,0
1720286683,0,4,1,1,0,921,0,1905,0,871,0,1803,0,50,0,102,0
1720286684,0,4,1,1,0,973,0,2009,0,921,0,1905,0,52,0,104,0
1720286685,0,4,1,1,0,993,0,2105,0,973,0,2009,0,20,0,96,0
1720286686,0,2,1,1,0,1020,0,2118,0,993,0,2105,0,27,0,13,0
1720286687,0,1,1,1,0,1081,0,2298,0,1020,0,2118,0,61,0,180,0
1720286688,0,1,1,1,0,1129,0,2396,0,1081,0,2298,0,48,0,98,0
1720286689,0,1,1,1,0,1191,0,2520,0,1129,0,2396,0,62,0,124,0
1720286690,0,1,1,1,0,1250,0,2638,0,1191,0,2520,0,59,0,118,0
1720286691,0,1,1,1,0,1309,0,2756,0,1250,0,2638,0,59,0,118,0
1720286692,0,0,1,1,0,1370,0,2878,0,1309,0,2756,0,61,0,122,0
1720286693,0,2,1,1,0,1432,0,3002,0,1370,0,2878,0,62,0,124,0
1720286694,0,4,1,1,0,1492,0,3124,0,1432,0,3002,0,60,0,122,0
1720286695,0,4,1,1,0,1523,0,3186,0,1492,0,3124,0,31,0,62,0
1720286696,0,5,1,1,0,1568,0,3262,0,1523,0,3186,0,45,0,76,0
1720286697,0,5,1,1,0,1628,0,3384,0,1568,0,3262,0,60,0,122,0
1720286698,0,5,1,1,0,1688,0,3508,0,1628,0,3384,0,60,0,124,0
1720286699,0,5,1,1,0,1750,0,3632,0,1688,0,3508,0,62,0,124,0
1720286700,0,5,1,1,0,1809,0,3752,0,1750,0,3632,0,59,0,120,0
1720286701,0,5,1,1,0,1853,0,3836,0,1809,0,3752,0,44,0,84,0
1720286702,0,5,1,1,0,1853,0,3836,0,1853,0,3836,0,0,0,0,0
1720286703,0,5,1,1,0,1909,0,3940,0,1853,0,3836,0,56,0,104,0
1720286704,0,5,1,1,0,1961,0,4046,0,1909,0,3940,0,52,0,106,0
1720286705,0,5,1,1,0,1974,0,4129,0,1961,0,4046,0,13,0,83,0
1720286706,0,6,1,1,0,2027,0,4211,0,1974,0,4129,0,53,0,82,0
1720286707,0,5,1,1,0,2063,0,4287,0,2027,0,4211,0,36,0,76,0
1720286708,0,5,1,1,0,2115,0,4391,0,2063,0,4287,0,52,0,104,0
1720286709,0,4,1,1,0,2170,0,4501,0,2115,0,4391,0,55,0,110,0
1720286710,0,4,1,1,0,2229,0,4619,0,2170,0,4501,0,59,0,118,0
1720286711,0,4,1,1,0,2283,0,4727,0,2229,0,4619,0,54,0,108,0
1720286712,0,3,1,1,0,2334,0,4831,0,2283,0,4727,0,51,0,104,0
1720286713,0,3,1,1,0,2379,0,4921,0,2334,0,4831,0,45,0,90,0
1720286714,0,3,1,1,0,2437,0,5037,0,2379,0,4921,0,58,0,116,0
1720286715,0,3,1,1,0,2458,0,5139,0,2437,0,5037,0,21,0,102,0
1720286716,0,2,1,1,0,2507,0,5237,0,2458,0,5139,0,49,0,98,0
1720286717,0,2,1,1,0,2564,0,5353,0,2507,0,5237,0,57,0,116,0
1720286718,0,3,1,1,0,2620,0,5465,0,2564,0,5353,0,56,0,112,0
1720286719,0,3,1,1,0,2665,0,5555,0,2620,0,5465,0,45,0,90,0
1720286720,0,3,1,1,0,2723,0,5671,0,2665,0,5555,0,58,0,116,0
1720286721,0,2,1,1,0,2781,0,5787,0,2723,0,5671,0,58,0,116,0
1720286722,0,3,1,1,0,2834,0,5895,0,2781,0,5787,0,53,0,108,0
1720286723,0,5,1,1,0,2886,0,5999,0,2834,0,5895,0,52,0,104,0
1720286724,0,4,1,1,0,2937,0,6101,0,2886,0,5999,0,51,0,102,0
1720286725,0,3,1,1,0,2967,0,6209,0,2937,0,6101,0,30,0,108,0
1720286726,0,2,1,1,0,2995,0,6277,0,2967,0,6209,0,28,0,68,0
1720286727,0,2,1,1,0,3057,0,6405,0,2995,0,6277,0,62,0,128,0
1720286728,0,2,1,1,0,3121,0,6535,0,3057,0,6405,0,64,0,130,0
1720286729,0,2,1,1,0,3181,0,6655,0,3121,0,6535,0,60,0,120,0
1720286730,0,2,1,1,0,3240,0,6773,0,3181,0,6655,0,59,0,118,0
1720286731,0,1,1,1,0,3303,0,6899,0,3240,0,6773,0,63,0,126,0
1720286732,0,1,1,1,0,3352,0,6997,0,3303,0,6899,0,49,0,98,0
1720286733,0,1,1,1,0,3368,0,7029,0,3352,0,6997,0,16,0,32,0
1720286734,0,1,1,1,0,3368,0,7029,0,3368,0,7029,0,0,0,0,0
1720286735,0,1,1,1,0,3368,0,7029,0,3368,0,7029,0,0,0,0,0
1720286736,0,1,1,1,0,3368,0,7029,0,3368,0,7029,0,0,0,0,0
1720286737,0,1,1,1,0,3368,0,7029,0,3368,0,7029,0,0,0,0,0
1720286738,0,1,1,1,0,3368,0,7029,0,3368,0,7029,0,0,0,0,0
1720286739,0,1,1,1,0,3368,0,7029,0,3368,0,7029,0,0,0,0,0
1720286740,0,1,1,1,0,3368,0,7029,0,3368,0,7029,0,0,0,0,0
1720286741,0,1,1,1,0,3368,0,7029,0,3368,0,7029,0,0,0,0,0
