"timestamp","inputBitrate","demuxBitrate","demuxCorrupted","demuxDiscontinuity","sendBitrate","framesDisplayed","playedAudioBuffers","decodedVideo","decodedAudio","framesDisplayedAux","playedAudioBuffersAux","decodedVideoAux","decodedAudioAux","framesDisplayedCalc","playedAudioBuffersCalc","decodedVideoCalc","decodedAudioCalc"
1720429242,0,0,0,0,0,0,0,0,0,0,0,0,0,0,0,0,0
1720429243,0,0,0,0,0,0,0,2,0,0,0,0,0,0,0,2,0
1720429244,0,1,0,0,0,45,0,106,0,0,0,2,0,45,0,104,0
1720429245,0,4,1,0,0,91,0,192,0,45,0,106,0,46,0,86,0
1720429246,0,5,1,0,0,115,0,274,0,91,0,192,0,24,0,82,0
1720429247,0,8,1,0,0,151,0,383,0,115,0,274,0,36,0,109,0
1720429248,0,10,2,0,0,211,0,513,0,151,0,383,0,60,0,130,0
1720429249,0,13,2,0,0,266,0,624,0,211,0,513,0,55,0,111,0
1720429250,0,17,2,0,0,319,0,726,0,266,0,624,0,53,0,102,0
1720429251,0,19,3,0,0,369,0,826,0,319,0,726,0,50,0,100,0
1720429252,0,21,3,0,0,417,0,923,0,369,0,826,0,48,0,97,0
1720429253,0,21,3,1,0,441,0,981,0,417,0,923,0,24,0,58,0
1720429254,0,22,3,1,0,471,0,1060,0,441,0,981,0,30,0,79,0
1720429255,0,13,3,1,0,525,0,1140,0,471,0,1060,0,54,0,80,0
1720429256,0,12,3,1,0,571,0,1240,0,525,0,1140,0,46,0,100,0
1720429257,0,12,3,1,0,635,0,1376,0,571,0,1240,0,64,0,136,0
1720429258,0,13,3,1,0,697,0,1498,0,635,0,1376,0,62,0,122,0
1720429259,0,11,3,1,0,757,0,1632,0,697,0,1498,0,60,0,134,0
1720429260,0,12,3,1,0,802,0,1710,0,757,0,1632,0,45,0,78,0
1720429261,0,11,3,1,0,862,0,1826,0,802,0,1710,0,60,0,116,0
1720429262,0,12,3,1,0,921,0,1932,0,862,0,1826,0,59,0,106,0
1720429263,0,8,3,1,0,936,0,2034,0,921,0,1932,0,15,0,102,0
1720429264,0,5,3,1,0,982,0,2173,0,936,0,2034,0,46,0,139,0
1720429265,0,5,3,1,0,1044,0,2323,0,982,0,2173,0,62,0,150,0
1720429266,0,6,3,1,0,1091,0,2461,0,1044,0,2323,0,47,0,138,0
1720429267,0,5,3,1,0,1160,0,2605,0,1091,0,2461,0,69,0,144,0
1720429268,0,2,3,1,0,1225,0,2763,0,1160,0,2605,0,65,0,158,0
1720429269,0,19,3,1,0,1286,0,2873,0,1225,0,2763,0,61,0,110,0
1720429270,0,20,3,1,0,1323,0,2941,0,1286,0,2873,0,37,0,68,0
1720429271,0,21,3,1,0,1334,0,2993,0,1323,0,2941,0,11,0,52,0
1720429272,0,20,3,1,0,1350,0,3060,0,1334,0,2993,0,16,0,67,0
1720429273,0,21,3,1,0,1354,0,3079,0,1350,0,3060,0,4,0,19,0
1720429274,0,15,3,1,0,1377,0,3099,0,1354,0,3079,0,23,0,20,0
1720429275,0,11,3,1,0,1431,0,3199,0,1377,0,3099,0,54,0,100,0
1720429276,0,11,3,1,0,1451,0,3251,0,1431,0,3199,0,20,0,52,0
1720429277,0,12,3,1,0,1475,0,3354,0,1451,0,3251,0,24,0,103,0
1720429278,0,11,3,1,0,1492,0,3451,0,1475,0,3354,0,17,0,97,0
1720429279,0,12,3,1,0,1534,0,3559,0,1492,0,3451,0,42,0,108,0
1720429280,0,10,3,1,0,1567,0,3670,0,1534,0,3559,0,33,0,111,0
1720429281,0,10,3,1,0,1586,0,3729,0,1567,0,3670,0,19,0,59,0
1720429282,0,12,3,1,0,1624,0,3834,0,1586,0,3729,0,38,0,105,0
1720429283,0,11,3,1,0,1638,0,3945,0,1624,0,3834,0,14,0,111,0
1720429284,0,11,3,1,0,1670,0,4017,0,1638,0,3945,0,32,0,72,0
1720429285,0,10,3,1,0,1724,0,4117,0,1670,0,4017,0,54,0,100,0
1720429286,0,10,3,1,0,1766,0,4195,0,1724,0,4117,0,42,0,78,0
1720429287,0,10,3,1,0,1822,0,4295,0,1766,0,4195,0,56,0,100,0
1720429288,0,10,3,1,0,1840,0,4380,0,1822,0,4295,0,18,0,85,0
1720429289,0,9,3,1,0,1855,0,4469,0,1840,0,4380,0,15,0,89,0
1720429290,0,9,3,1,0,1870,0,4555,0,1855,0,4469,0,15,0,86,0
1720429291,0,8,3,1,0,1885,0,4644,0,1870,0,4555,0,15,0,89,0
1720429292,0,8,3,1,0,1900,0,4749,0,1885,0,4644,0,15,0,105,0
1720429293,0,9,3,1,0,1910,0,4827,0,1900,0,4749,0,10,0,78,0
1720429294,0,9,3,1,0,1943,0,4908,0,1910,0,4827,0,33,0,81,0
1720429295,0,8,3,1,0,2002,0,5010,0,1943,0,4908,0,59,0,102,0
1720429296,0,9,3,1,0,2033,0,5117,0,2002,0,5010,0,31,0,107,0
1720429297,0,12,3,1,0,2076,0,5238,0,2033,0,5117,0,43,0,121,0
1720429298,0,12,3,1,0,2121,0,5322,0,2076,0,5238,0,45,0,84,0
1720429299,0,12,3,1,0,2132,0,5371,0,2121,0,5322,0,11,0,49,0
1720429300,0,10,3,1,0,2146,0,5444,0,2132,0,5371,0,14,0,73,0
1720429301,0,8,3,1,0,2160,0,5529,0,2146,0,5444,0,14,0,85,0
1720429302,0,9,3,1,0,2219,0,5661,0,2160,0,5529,0,59,0,132,0
1720429303,0,9,3,1,0,2282,0,5785,0,2219,0,5661,0,63,0,124,0
1720429304,0,9,3,1,0,2295,0,5831,0,2282,0,5785,0,13,0,46,0
1720429305,0,9,3,1,0,2354,0,5923,0,2295,0,5831,0,59,0,92,0
1720429306,0,3,3,1,0,2418,0,6033,0,2354,0,5923,0,64,0,110,0
1720429307,0,3,3,1,0,2476,0,6177,0,2418,0,6033,0,58,0,144,0
1720429308,0,3,3,1,0,2534,0,6293,0,2476,0,6177,0,58,0,116,0
1720429309,0,3,3,1,0,2534,0,6293,0,2534,0,6293,0,0,0,0,0
1720429310,0,3,3,1,0,2534,0,6293,0,2534,0,6293,0,0,0,0,0
1720429311,0,3,3,1,0,2534,0,6293,0,2534,0,6293,0,0,0,0,0
1720429312,0,3,3,1,0,2534,0,6293,0,2534,0,6293,0,0,0,0,0
1720429313,0,3,3,1,0,2534,0,6293,0,2534,0,6293,0,0,0,0,0
1720429314,0,3,3,1,0,2534,0,6293,0,2534,0,6293,0,0,0,0,0
1720429315,0,3,3,1,0,2534,0,6293,0,2534,0,6293,0,0,0,0,0
1720429316,0,3,3,1,0,2534,0,6293,0,2534,0,6293,0,0,0,0,0
