"timestamp","inputBitrate","demuxBitrate","demuxCorrupted","demuxDiscontinuity","sendBitrate","framesDisplayed","playedAudioBuffers","decodedVideo","decodedAudio","framesDisplayedAux","playedAudioBuffersAux","decodedVideoAux","decodedAudioAux","framesDisplayedCalc","playedAudioBuffersCalc","decodedVideoCalc","decodedAudioCalc"
1720211530,0,0,0,0,0,0,0,0,0,0,0,0,0,0,0,0,0
1720211531,0,0,0,0,0,0,0,0,0,0,0,0,0,0,0,0,0
1720211532,0,0,0,0,0,0,0,2,0,0,0,0,0,0,0,2,0
1720211533,0,0,0,0,0,49,0,102,0,0,0,2,0,49,0,100,0
1720211534,0,1,0,0,0,104,0,214,0,49,0,102,0,55,0,112,0
1720211535,0,1,0,0,0,163,0,336,0,104,0,214,0,59,0,122,0
1720211536,0,1,0,0,0,222,0,454,0,163,0,336,0,59,0,118,0
1720211537,0,2,0,0,0,279,0,568,0,222,0,454,0,57,0,114,0
1720211538,0,2,0,0,0,319,0,648,0,279,0,568,0,40,0,80,0
1720211539,0,3,0,0,0,370,0,752,0,319,0,648,0,51,0,104,0
1720211540,0,4,0,0,0,427,0,868,0,370,0,752,0,57,0,116,0
1720211541,0,5,0,0,0,479,0,974,0,427,0,868,0,52,0,106,0
1720211542,0,5,1,1,0,523,0,1113,0,479,0,974,0,44,0,139,0
1720211543,0,4,1,1,0,565,0,1184,0,523,0,1113,0,42,0,71,0
1720211544,0,5,1,1,0,601,0,1258,0,565,0,1184,0,36,0,74,0
1720211545,0,6,1,1,0,652,0,1360,0,601,0,1258,0,51,0,102,0
1720211546,0,6,1,1,0,701,0,1460,0,652,0,1360,0,49,0,100,0
1720211547,0,6,1,1,0,755,0,1568,0,701,0,1460,0,54,0,108,0
1720211548,0,4,1,1,0,810,0,1678,0,755,0,1568,0,55,0,110,0
1720211549,0,4,1,1,0,865,0,1788,0,810,0,1678,0,55,0,110,0
1720211550,0,3,1,1,0,902,0,1862,0,865,0,1788,0,37,0,74,0
1720211551,0,4,1,1,0,952,0,1964,0,902,0,1862,0,50,0,102,0
1720211552,0,4,1,1,0,983,0,2086,0,952,0,1964,0,31,0,122,0
1720211553,0,3,1,1,0,983,0,2086,0,983,0,2086,0,0,0,0,0
1720211554,0,1,1,1,0,1056,0,2243,0,983,0,2086,0,73,0,157,0
1720211555,0,1,1,1,0,1119,0,2373,0,1056,0,2243,0,63,0,130,0
1720211556,0,1,1,1,0,1183,0,2507,0,1119,0,2373,0,64,0,134,0
1720211557,0,1,1,1,0,1230,0,2607,0,1183,0,2507,0,47,0,100,0
1720211558,0,1,1,1,0,1291,0,2737,0,1230,0,2607,0,61,0,130,0
1720211559,0,0,1,1,0,1354,0,2863,0,1291,0,2737,0,63,0,126,0
1720211560,0,3,1,1,0,1416,0,2987,0,1354,0,2863,0,62,0,124,0
1720211561,0,5,1,1,0,1474,0,3107,0,1416,0,2987,0,58,0,120,0
1720211562,0,5,1,1,0,1534,0,3227,0,1474,0,3107,0,60,0,120,0
1720211563,0,5,1,1,0,1585,0,3323,0,1534,0,3227,0,51,0,96,0
1720211564,0,5,1,1,0,1647,0,3449,0,1585,0,3323,0,62,0,126,0
1720211565,0,5,1,1,0,1691,0,3539,0,1647,0,3449,0,44,0,90,0
1720211566,0,5,1,1,0,1751,0,3659,0,1691,0,3539,0,60,0,120,0
1720211567,0,5,1,1,0,1754,0,3663,0,1751,0,3659,0,3,0,4,0
1720211568,0,5,1,1,0,1809,0,3767,0,1754,0,3663,0,55,0,104,0
1720211569,0,5,1,1,0,1859,0,3867,0,1809,0,3767,0,50,0,100,0
1720211570,0,5,1,1,0,1907,0,3961,0,1859,0,3867,0,48,0,94,0
1720211571,0,5,1,1,0,1945,0,4039,0,1907,0,3961,0,38,0,78,0
1720211572,0,6,1,1,0,1980,0,4164,0,1945,0,4039,0,35,0,125,0
1720211573,0,6,1,1,0,2015,0,4214,0,1980,0,4164,0,35,0,50,0
1720211574,0,5,1,1,0,2064,0,4314,0,2015,0,4214,0,49,0,100,0
1720211575,0,5,1,1,0,2117,0,4422,0,2064,0,4314,0,53,0,108,0
1720211576,0,4,1,1,0,2172,0,4532,0,2117,0,4422,0,55,0,110,0
1720211577,0,4,1,1,0,2224,0,4638,0,2172,0,4532,0,52,0,106,0
1720211578,0,4,1,1,0,2281,0,4754,0,2224,0,4638,0,57,0,116,0
1720211579,0,3,1,1,0,2322,0,4838,0,2281,0,4754,0,41,0,84,0
1720211580,0,3,1,1,0,2376,0,4946,0,2322,0,4838,0,54,0,108,0
1720211581,0,3,1,1,0,2433,0,5064,0,2376,0,4946,0,57,0,118,0
1720211582,0,3,1,1,0,2459,0,5180,0,2433,0,5064,0,26,0,116,0
1720211583,0,2,1,1,0,2500,0,5264,0,2459,0,5180,0,41,0,84,0
1720211584,0,2,1,1,0,2541,0,5346,0,2500,0,5264,0,41,0,82,0
1720211585,0,2,1,1,0,2599,0,5462,0,2541,0,5346,0,58,0,116,0
1720211586,0,3,1,1,0,2651,0,5570,0,2599,0,5462,0,52,0,108,0
1720211587,0,2,1,1,0,2706,0,5680,0,2651,0,5570,0,55,0,110,0
1720211588,0,2,1,1,0,2765,0,5800,0,2706,0,5680,0,59,0,120,0
1720211589,0,4,1,1,0,2822,0,5916,0,2765,0,5800,0,57,0,116,0
1720211590,0,5,1,1,0,2876,0,6026,0,2822,0,5916,0,54,0,110,0
1720211591,0,4,1,1,0,2915,0,6104,0,2876,0,6026,0,39,0,78,0
1720211592,0,3,1,1,0,2966,0,6244,0,2915,0,6104,0,51,0,140,0
1720211593,0,2,1,1,0,2982,0,6246,0,2966,0,6244,0,16,0,2,0
1720211594,0,2,1,1,0,3042,0,6404,0,2982,0,6246,0,60,0,158,0
1720211595,0,2,1,1,0,3104,0,6532,0,3042,0,6404,0,62,0,128,0
1720211596,0,2,1,1,0,3167,0,6658,0,3104,0,6532,0,63,0,126,0
1720211597,0,2,1,1,0,3227,0,6782,0,3167,0,6658,0,60,0,124,0
1720211598,0,1,1,1,0,3273,0,6874,0,3227,0,6782,0,46,0,92,0
1720211599,0,1,1,1,0,3349,0,7026,0,3273,0,6874,0,76,0,152,0
1720211600,0,1,1,1,0,3361,0,7050,0,3349,0,7026,0,12,0,24,0
1720211601,0,1,1,1,0,3361,0,7050,0,3361,0,7050,0,0,0,0,0
1720211602,0,1,1,1,0,3361,0,7050,0,3361,0,7050,0,0,0,0,0
1720211603,0,1,1,1,0,3361,0,7050,0,3361,0,7050,0,0,0,0,0
1720211604,0,1,1,1,0,3361,0,7050,0,3361,0,7050,0,0,0,0,0
1720211605,0,1,1,1,0,3361,0,7050,0,3361,0,7050,0,0,0,0,0
1720211606,0,1,1,1,0,3361,0,7050,0,3361,0,7050,0,0,0,0,0
1720211607,0,1,1,1,0,3361,0,7050,0,3361,0,7050,0,0,0,0,0
1720211608,0,1,1,1,0,3361,0,7050,0,3361,0,7050,0,0,0,0,0
1720211609,0,1,1,1,0,3361,0,7050,0,3361,0,7050,0,0,0,0,0
