"timestamp","inputBitrate","demuxBitrate","demuxCorrupted","demuxDiscontinuity","sendBitrate","framesDisplayed","playedAudioBuffers","decodedVideo","decodedAudio","framesDisplayedAux","playedAudioBuffersAux","decodedVideoAux","decodedAudioAux","framesDisplayedCalc","playedAudioBuffersCalc","decodedVideoCalc","decodedAudioCalc"
1720368271,0,0,0,0,0,0,0,0,0,0,0,0,0,0,0,0,0
1720368272,0,0,0,0,0,0,0,2,0,0,0,0,0,0,0,2,0
1720368273,0,1,0,0,0,16,0,36,0,0,0,2,0,16,0,34,0
1720368274,0,1,0,0,0,42,0,146,0,16,0,36,0,26,0,110,0
1720368275,0,2,0,0,0,45,0,160,0,42,0,146,0,3,0,14,0
1720368276,0,2,0,0,0,95,0,331,0,45,0,160,0,50,0,171,0
1720368277,0,3,0,0,0,154,0,449,0,95,0,331,0,59,0,118,0
1720368278,0,4,0,0,0,216,0,571,0,154,0,449,0,62,0,122,0
1720368279,0,6,1,0,0,271,0,681,0,216,0,571,0,55,0,110,0
1720368280,0,7,1,0,0,311,0,762,0,271,0,681,0,40,0,81,0
1720368281,0,8,1,0,0,361,0,862,0,311,0,762,0,50,0,100,0
1720368282,0,7,1,1,0,412,0,971,0,361,0,862,0,51,0,109,0
1720368283,0,11,2,1,0,449,0,1063,0,412,0,971,0,37,0,92,0
1720368284,0,9,2,1,0,499,0,1164,0,449,0,1063,0,50,0,101,0
1720368285,0,10,2,1,0,552,0,1270,0,499,0,1164,0,53,0,106,0
1720368286,0,11,2,1,0,602,0,1370,0,552,0,1270,0,50,0,100,0
1720368287,0,11,2,1,0,642,0,1450,0,602,0,1370,0,40,0,80,0
1720368288,0,9,2,1,0,696,0,1558,0,642,0,1450,0,54,0,108,0
1720368289,0,8,2,1,0,752,0,1670,0,696,0,1558,0,56,0,112,0
1720368290,0,7,2,1,0,810,0,1786,0,752,0,1670,0,58,0,116,0
1720368291,0,8,2,1,0,865,0,1896,0,810,0,1786,0,55,0,110,0
1720368292,0,7,2,1,0,915,0,2032,0,865,0,1896,0,50,0,136,0
1720368293,0,4,2,1,0,916,0,2054,0,915,0,2032,0,1,0,22,0
1720368294,0,2,2,1,0,959,0,2157,0,916,0,2054,0,43,0,103,0
1720368295,0,2,2,1,0,1025,0,2291,0,959,0,2157,0,66,0,134,0
1720368296,0,2,2,1,0,1090,0,2421,0,1025,0,2291,0,65,0,130,0
1720368297,0,2,2,1,0,1152,0,2545,0,1090,0,2421,0,62,0,124,0
1720368298,0,1,2,1,0,1214,0,2669,0,1152,0,2545,0,62,0,124,0
1720368299,0,1,2,1,0,1280,0,2801,0,1214,0,2669,0,66,0,132,0
1720368300,0,7,2,1,0,1343,0,2927,0,1280,0,2801,0,63,0,126,0
1720368301,0,7,2,1,0,1390,0,3019,0,1343,0,2927,0,47,0,92,0
1720368302,0,10,2,1,0,1451,0,3141,0,1390,0,3019,0,61,0,122,0
1720368303,0,10,2,1,0,1509,0,3255,0,1451,0,3141,0,58,0,114,0
1720368304,0,11,2,1,0,1570,0,3377,0,1509,0,3255,0,61,0,122,0
1720368305,0,10,2,1,0,1631,0,3499,0,1570,0,3377,0,61,0,122,0
1720368306,0,11,2,1,0,1692,0,3621,0,1631,0,3499,0,61,0,122,0
1720368307,0,11,2,1,0,1737,0,3711,0,1692,0,3621,0,45,0,90,0
1720368308,0,10,2,1,0,1760,0,3751,0,1737,0,3711,0,23,0,40,0
1720368309,0,11,2,1,0,1776,0,3815,0,1760,0,3751,0,16,0,64,0
1720368310,0,11,2,1,0,1825,0,3911,0,1776,0,3815,0,49,0,96,0
1720368311,0,11,2,1,0,1876,0,4013,0,1825,0,3911,0,51,0,102,0
1720368312,0,11,2,1,0,1927,0,4152,0,1876,0,4013,0,51,0,139,0
1720368313,0,12,2,1,0,1947,0,4188,0,1927,0,4152,0,20,0,36,0
1720368314,0,11,2,1,0,1993,0,4278,0,1947,0,4188,0,46,0,90,0
1720368315,0,11,2,1,0,2037,0,4366,0,1993,0,4278,0,44,0,88,0
1720368316,0,7,2,1,0,2092,0,4476,0,2037,0,4366,0,55,0,110,0
1720368317,0,7,2,1,0,2147,0,4586,0,2092,0,4476,0,55,0,110,0
1720368318,0,6,2,1,0,2202,0,4696,0,2147,0,4586,0,55,0,110,0
1720368319,0,6,2,1,0,2261,0,4814,0,2202,0,4696,0,59,0,118,0
1720368320,0,5,2,1,0,2319,0,4930,0,2261,0,4814,0,58,0,116,0
1720368321,0,5,2,1,0,2362,0,5016,0,2319,0,4930,0,43,0,86,0
1720368322,0,5,2,1,0,2422,0,5157,0,2362,0,5016,0,60,0,141,0
1720368323,0,4,2,1,0,2431,0,5210,0,2422,0,5157,0,9,0,53,0
1720368324,0,4,2,1,0,2501,0,5348,0,2431,0,5210,0,70,0,138,0
1720368325,0,4,2,1,0,2562,0,5468,0,2501,0,5348,0,61,0,120,0
1720368326,0,5,2,1,0,2606,0,5556,0,2562,0,5468,0,44,0,88,0
1720368327,0,4,2,1,0,2664,0,5672,0,2606,0,5556,0,58,0,116,0
1720368328,0,4,2,1,0,2722,0,5790,0,2664,0,5672,0,58,0,118,0
1720368329,0,6,2,1,0,2779,0,5902,0,2722,0,5790,0,57,0,112,0
1720368330,0,8,2,1,0,2835,0,6014,0,2779,0,5902,0,56,0,112,0
1720368331,0,7,2,1,0,2890,0,6124,0,2835,0,6014,0,55,0,110,0
1720368332,0,6,2,1,0,2933,0,6210,0,2890,0,6124,0,43,0,86,0
1720368333,0,3,2,1,0,2971,0,6314,0,2933,0,6210,0,38,0,104,0
1720368334,0,4,2,1,0,3026,0,6422,0,2971,0,6314,0,55,0,108,0
1720368335,0,4,2,1,0,3090,0,6552,0,3026,0,6422,0,64,0,130,0
1720368336,0,4,2,1,0,3151,0,6672,0,3090,0,6552,0,61,0,120,0
1720368337,0,3,2,1,0,3214,0,6798,0,3151,0,6672,0,63,0,126,0
1720368338,0,1,2,1,0,3278,0,6928,0,3214,0,6798,0,64,0,130,0
1720368339,0,1,2,1,0,3322,0,7016,0,3278,0,6928,0,44,0,88,0
1720368340,0,1,2,1,0,3322,0,7016,0,3322,0,7016,0,0,0,0,0
1720368341,0,1,2,1,0,3322,0,7016,0,3322,0,7016,0,0,0,0,0
1720368342,0,1,2,1,0,3322,0,7016,0,3322,0,7016,0,0,0,0,0
1720368343,0,1,2,1,0,3322,0,7016,0,3322,0,7016,0,0,0,0,0
1720368344,0,1,2,1,0,3322,0,7016,0,3322,0,7016,0,0,0,0,0
1720368345,0,1,2,1,0,3322,0,7016,0,3322,0,7016,0,0,0,0,0
1720368346,0,1,2,1,0,3322,0,7016,0,3322,0,7016,0,0,0,0,0
1720368347,0,1,2,1,0,3322,0,7016,0,3322,0,7016,0,0,0,0,0
1720368348,0,1,2,1,0,3322,0,7016,0,3322,0,7016,0,0,0,0,0
