"timestamp","inputBitrate","demuxBitrate","demuxCorrupted","demuxDiscontinuity","sendBitrate","framesDisplayed","playedAudioBuffers","decodedVideo","decodedAudio","framesDisplayedAux","playedAudioBuffersAux","decodedVideoAux","decodedAudioAux","framesDisplayedCalc","playedAudioBuffersCalc","decodedVideoCalc","decodedAudioCalc"
1720368556,0,0,0,0,0,0,0,0,0,0,0,0,0,0,0,0,0
1720368557,0,0,0,0,0,0,0,0,0,0,0,0,0,0,0,0,0
1720368558,0,1,0,0,0,16,0,36,0,0,0,0,0,16,0,36,0
1720368559,0,1,0,0,0,38,0,128,0,16,0,36,0,22,0,92,0
1720368560,0,1,0,0,0,43,0,150,0,38,0,128,0,5,0,22,0
1720368561,0,2,0,0,0,92,0,315,0,43,0,150,0,49,0,165,0
1720368562,0,3,0,0,0,154,0,439,0,92,0,315,0,62,0,124,0
1720368563,0,4,0,0,0,215,0,561,0,154,0,439,0,61,0,122,0
1720368564,0,6,1,0,0,273,0,675,0,215,0,561,0,58,0,114,0
1720368565,0,8,1,0,0,316,0,762,0,273,0,675,0,43,0,87,0
1720368566,0,9,1,0,0,371,0,872,0,316,0,762,0,55,0,110,0
1720368567,0,8,1,1,0,426,0,982,0,371,0,872,0,55,0,110,0
1720368568,0,10,2,1,0,484,0,1102,0,426,0,982,0,58,0,120,0
1720368569,0,9,2,1,0,530,0,1193,0,484,0,1102,0,46,0,91,0
1720368570,0,9,2,1,0,567,0,1267,0,530,0,1193,0,37,0,74,0
1720368571,0,11,2,1,0,619,0,1371,0,567,0,1267,0,52,0,104,0
1720368572,0,11,2,1,0,668,0,1469,0,619,0,1371,0,49,0,98,0
1720368573,0,9,2,1,0,723,0,1579,0,668,0,1469,0,55,0,110,0
1720368574,0,8,2,1,0,778,0,1689,0,723,0,1579,0,55,0,110,0
1720368575,0,8,2,1,0,834,0,1801,0,778,0,1689,0,56,0,112,0
1720368576,0,8,2,1,0,876,0,1885,0,834,0,1801,0,42,0,84,0
1720368577,0,7,2,1,0,928,0,1989,0,876,0,1885,0,52,0,104,0
1720368578,0,7,2,1,0,949,0,2080,0,928,0,1989,0,21,0,91,0
1720368579,0,2,2,1,0,980,0,2131,0,949,0,2080,0,31,0,51,0
1720368580,0,2,2,1,0,1048,0,2287,0,980,0,2131,0,68,0,156,0
1720368581,0,2,2,1,0,1115,0,2421,0,1048,0,2287,0,67,0,134,0
1720368582,0,2,2,1,0,1180,0,2551,0,1115,0,2421,0,65,0,130,0
1720368583,0,2,2,1,0,1229,0,2649,0,1180,0,2551,0,49,0,98,0
1720368584,0,1,2,1,0,1293,0,2775,0,1229,0,2649,0,64,0,126,0
1720368585,0,1,2,1,0,1355,0,2901,0,1293,0,2775,0,62,0,126,0
1720368586,0,7,2,1,0,1417,0,3023,0,1355,0,2901,0,62,0,122,0
1720368587,0,10,2,1,0,1478,0,3145,0,1417,0,3023,0,61,0,122,0
1720368588,0,10,2,1,0,1530,0,3243,0,1478,0,3145,0,52,0,98,0
1720368589,0,10,2,1,0,1592,0,3367,0,1530,0,3243,0,62,0,124,0
1720368590,0,10,2,1,0,1638,0,3459,0,1592,0,3367,0,46,0,92,0
1720368591,0,9,2,1,0,1697,0,3577,0,1638,0,3459,0,59,0,118,0
1720368592,0,10,2,1,0,1716,0,3611,0,1697,0,3577,0,19,0,34,0
1720368593,0,10,2,1,0,1750,0,3671,0,1716,0,3611,0,34,0,60,0
1720368594,0,10,2,1,0,1802,0,3773,0,1750,0,3671,0,52,0,102,0
1720368595,0,10,2,1,0,1852,0,3873,0,1802,0,3773,0,50,0,100,0
1720368596,0,10,2,1,0,1890,0,3949,0,1852,0,3873,0,38,0,76,0
1720368597,0,10,2,1,0,1940,0,4047,0,1890,0,3949,0,50,0,98,0
1720368598,0,11,2,1,0,1962,0,4138,0,1940,0,4047,0,22,0,91,0
1720368599,0,11,2,1,0,2011,0,4216,0,1962,0,4138,0,49,0,78,0
1720368600,0,11,2,1,0,2061,0,4316,0,2011,0,4216,0,50,0,100,0
1720368601,0,9,2,1,0,2115,0,4424,0,2061,0,4316,0,54,0,108,0
1720368602,0,7,2,1,0,2169,0,4532,0,2115,0,4424,0,54,0,108,0
1720368603,0,7,2,1,0,2209,0,4612,0,2169,0,4532,0,40,0,80,0
1720368604,0,6,2,1,0,2263,0,4720,0,2209,0,4612,0,54,0,108,0
1720368605,0,5,2,1,0,2317,0,4828,0,2263,0,4720,0,54,0,108,0
1720368606,0,6,2,1,0,2373,0,4940,0,2317,0,4828,0,56,0,112,0
1720368607,0,5,2,1,0,2429,0,5051,0,2373,0,4940,0,56,0,111,0
1720368608,0,4,2,1,0,2440,0,5134,0,2429,0,5051,0,11,0,83,0
1720368609,0,4,2,1,0,2495,0,5242,0,2440,0,5134,0,55,0,108,0
1720368610,0,4,2,1,0,2541,0,5334,0,2495,0,5242,0,46,0,92,0
1720368611,0,4,2,1,0,2598,0,5448,0,2541,0,5334,0,57,0,114,0
1720368612,0,5,2,1,0,2654,0,5560,0,2598,0,5448,0,56,0,112,0
1720368613,0,4,2,1,0,2711,0,5674,0,2654,0,5560,0,57,0,114,0
1720368614,0,3,2,1,0,2772,0,5796,0,2711,0,5674,0,61,0,122,0
1720368615,0,7,2,1,0,2829,0,5910,0,2772,0,5796,0,57,0,114,0
1720368616,0,8,2,1,0,2869,0,5990,0,2829,0,5910,0,40,0,80,0
1720368617,0,7,2,1,0,2925,0,6102,0,2869,0,5990,0,56,0,112,0
1720368618,0,5,2,1,0,2970,0,6216,0,2925,0,6102,0,45,0,114,0
1720368619,0,3,2,1,0,3006,0,6284,0,2970,0,6216,0,36,0,68,0
1720368620,0,3,2,1,0,3071,0,6414,0,3006,0,6284,0,65,0,130,0
1720368621,0,4,2,1,0,3133,0,6538,0,3071,0,6414,0,62,0,124,0
1720368622,0,4,2,1,0,3194,0,6660,0,3133,0,6538,0,61,0,122,0
1720368623,0,3,2,1,0,3258,0,6786,0,3194,0,6660,0,64,0,126,0
1720368624,0,1,2,1,0,3304,0,6880,0,3258,0,6786,0,46,0,94,0
1720368625,0,1,2,1,0,3373,0,7018,0,3304,0,6880,0,69,0,138,0
1720368626,0,1,2,1,0,3373,0,7018,0,3373,0,7018,0,0,0,0,0
1720368627,0,1,2,1,0,3373,0,7018,0,3373,0,7018,0,0,0,0,0
1720368628,0,1,2,1,0,3373,0,7018,0,3373,0,7018,0,0,0,0,0
1720368629,0,1,2,1,0,3373,0,7018,0,3373,0,7018,0,0,0,0,0
1720368630,0,1,2,1,0,3373,0,7018,0,3373,0,7018,0,0,0,0,0
1720368631,0,1,2,1,0,3373,0,7018,0,3373,0,7018,0,0,0,0,0
1720368632,0,1,2,1,0,3373,0,7018,0,3373,0,7018,0,0,0,0,0
1720368633,0,1,2,1,0,3373,0,7018,0,3373,0,7018,0,0,0,0,0
1720368634,0,1,2,1,0,3373,0,7018,0,3373,0,7018,0,0,0,0,0
