"timestamp","inputBitrate","demuxBitrate","demuxCorrupted","demuxDiscontinuity","sendBitrate","framesDisplayed","playedAudioBuffers","decodedVideo","decodedAudio","framesDisplayedAux","playedAudioBuffersAux","decodedVideoAux","decodedAudioAux","framesDisplayedCalc","playedAudioBuffersCalc","decodedVideoCalc","decodedAudioCalc"
1720367326,0,0,0,0,0,0,0,0,0,0,0,0,0,0,0,0,0
1720367327,0,0,0,0,0,0,0,0,0,0,0,0,0,0,0,0,0
1720367329,0,1,0,0,0,0,0,2,0,0,0,0,0,0,0,2,0
1720367330,0,0,0,0,0,14,0,145,0,0,0,2,0,14,0,143,0
1720367331,0,5,0,0,0,56,0,285,0,14,0,145,0,42,0,140,0
1720367332,0,2,0,0,0,97,0,395,0,56,0,285,0,41,0,110,0
1720367333,0,3,0,0,0,124,0,471,0,97,0,395,0,27,0,76,0
1720367334,0,4,0,0,0,159,0,565,0,124,0,471,0,35,0,94,0
1720367335,0,6,1,0,0,197,0,665,0,159,0,565,0,38,0,100,0
1720367336,0,8,1,0,0,238,0,768,0,197,0,665,0,41,0,103,0
1720367337,0,8,1,2,0,254,0,814,0,238,0,768,0,16,0,46,0
1720367338,0,8,2,2,0,259,0,852,0,254,0,814,0,5,0,38,0
1720367339,0,10,2,2,0,294,0,957,0,259,0,852,0,35,0,105,0
1720367340,0,8,2,2,0,318,0,1021,0,294,0,957,0,24,0,64,0
1720367341,0,8,2,2,0,354,0,1117,0,318,0,1021,0,36,0,96,0
1720367342,0,10,2,2,0,388,0,1209,0,354,0,1117,0,34,0,92,0
1720367343,0,10,2,2,0,422,0,1301,0,388,0,1209,0,34,0,92,0
1720367344,0,9,2,2,0,453,0,1393,0,422,0,1301,0,31,0,92,0
1720367345,0,7,2,2,0,481,0,1461,0,453,0,1393,0,28,0,68,0
1720367346,0,7,2,2,0,515,0,1559,0,481,0,1461,0,34,0,98,0
1720367347,0,6,2,2,0,548,0,1679,0,515,0,1559,0,33,0,120,0
1720367348,0,7,2,2,0,551,0,1714,0,548,0,1679,0,3,0,35,0
1720367349,0,7,2,2,0,595,0,1810,0,551,0,1714,0,44,0,96,0
1720367350,0,4,2,2,0,631,0,1914,0,595,0,1810,0,36,0,104,0
1720367351,0,1,2,2,0,659,0,1994,0,631,0,1914,0,28,0,80,0
1720367352,0,2,2,2,0,701,0,2102,0,659,0,1994,0,42,0,108,0
1720367353,0,1,2,2,0,745,0,2220,0,701,0,2102,0,44,0,118,0
1720367354,0,1,2,2,0,788,0,2328,0,745,0,2220,0,43,0,108,0
1720367355,0,2,2,2,0,825,0,2438,0,788,0,2328,0,37,0,110,0
1720367356,0,1,2,2,0,862,0,2544,0,825,0,2438,0,37,0,106,0
1720367357,0,1,2,2,0,904,0,2710,0,862,0,2544,0,42,0,166,0
1720367358,0,3,2,2,0,904,0,2710,0,904,0,2710,0,0,0,0,0
1720367359,0,9,2,2,0,940,0,2801,0,904,0,2710,0,36,0,91,0
1720367360,0,9,2,2,0,977,0,2911,0,940,0,2801,0,37,0,110,0
1720367361,0,9,2,2,0,1011,0,3009,0,977,0,2911,0,34,0,98,0
1720367362,0,8,2,2,0,1036,0,3085,0,1011,0,3009,0,25,0,76,0
1720367363,0,9,2,2,0,1067,0,3179,0,1036,0,3085,0,31,0,94,0
1720367364,0,9,2,2,0,1102,0,3281,0,1067,0,3179,0,35,0,102,0
1720367365,0,9,2,2,0,1135,0,3383,0,1102,0,3281,0,33,0,102,0
1720367366,0,9,2,2,0,1169,0,3493,0,1135,0,3383,0,34,0,110,0
1720367367,0,10,2,2,0,1190,0,3580,0,1169,0,3493,0,21,0,87,0
1720367368,0,10,2,2,0,1203,0,3586,0,1190,0,3580,0,13,0,6,0
1720367369,0,9,2,2,0,1231,0,3660,0,1203,0,3586,0,28,0,74,0
1720367370,0,9,2,2,0,1264,0,3748,0,1231,0,3660,0,33,0,88,0
1720367371,0,9,2,2,0,1298,0,3838,0,1264,0,3748,0,34,0,90,0
1720367372,0,9,2,2,0,1329,0,3922,0,1298,0,3838,0,31,0,84,0
1720367373,0,9,2,2,0,1356,0,3992,0,1329,0,3922,0,27,0,70,0
1720367374,0,10,2,2,0,1390,0,4084,0,1356,0,3992,0,34,0,92,0
1720367375,0,8,2,2,0,1419,0,4178,0,1390,0,4084,0,29,0,94,0
1720367376,0,6,2,2,0,1452,0,4266,0,1419,0,4178,0,33,0,88,0
1720367377,0,6,2,2,0,1478,0,4364,0,1452,0,4266,0,26,0,98,0
1720367378,0,5,2,2,0,1482,0,4399,0,1478,0,4364,0,4,0,35,0
1720367379,0,6,2,2,0,1524,0,4491,0,1482,0,4399,0,42,0,92,0
1720367380,0,5,2,2,0,1559,0,4589,0,1524,0,4491,0,35,0,98,0
1720367381,0,5,2,2,0,1590,0,4685,0,1559,0,4589,0,31,0,96,0
1720367382,0,5,2,2,0,1626,0,4785,0,1590,0,4685,0,36,0,100,0
1720367383,0,4,2,2,0,1661,0,4889,0,1626,0,4785,0,35,0,104,0
1720367384,0,4,2,2,0,1690,0,4965,0,1661,0,4889,0,29,0,76,0
1720367385,0,3,2,2,0,1727,0,5061,0,1690,0,4965,0,37,0,96,0
1720367386,0,3,2,2,0,1765,0,5169,0,1727,0,5061,0,38,0,108,0
1720367387,0,3,2,2,0,1801,0,5286,0,1765,0,5169,0,36,0,117,0
1720367388,0,4,2,2,0,1805,0,5328,0,1801,0,5286,0,4,0,42,0
1720367389,0,5,2,2,0,1835,0,5356,0,1805,0,5328,0,30,0,28,0
1720367390,0,4,2,2,0,1874,0,5517,0,1835,0,5356,0,39,0,161,0
1720367391,0,3,2,2,0,1903,0,5599,0,1874,0,5517,0,29,0,82,0
1720367392,0,5,2,2,0,1941,0,5701,0,1903,0,5599,0,38,0,102,0
1720367393,0,7,2,2,0,1979,0,5807,0,1941,0,5701,0,38,0,106,0
1720367394,0,6,2,2,0,2017,0,5913,0,1979,0,5807,0,38,0,106,0
1720367395,0,6,2,2,0,2047,0,6003,0,2017,0,5913,0,30,0,90,0
1720367396,0,4,2,2,0,2087,0,6123,0,2047,0,6003,0,40,0,120,0
1720367397,0,3,2,2,0,2107,0,6206,0,2087,0,6123,0,20,0,83,0
1720367398,0,3,2,2,0,2127,0,6226,0,2107,0,6206,0,20,0,20,0
1720367399,0,4,2,2,0,2160,0,6322,0,2127,0,6226,0,33,0,96,0
1720367400,0,3,2,2,0,2194,0,6420,0,2160,0,6322,0,34,0,98,0
1720367401,0,3,2,2,0,2232,0,6514,0,2194,0,6420,0,38,0,94,0
1720367402,0,2,2,2,0,2263,0,6590,0,2232,0,6514,0,31,0,76,0
1720367403,0,1,2,2,0,2311,0,6706,0,2263,0,6590,0,48,0,116,0
1720367404,0,1,2,2,0,2348,0,6790,0,2311,0,6706,0,37,0,84,0
1720367405,0,1,2,2,0,2348,0,6790,0,2348,0,6790,0,0,0,0,0
1720367406,0,1,2,2,0,2348,0,6790,0,2348,0,6790,0,0,0,0,0
1720367407,0,1,2,2,0,2348,0,6790,0,2348,0,6790,0,0,0,0,0
1720367408,0,1,2,2,0,2348,0,6790,0,2348,0,6790,0,0,0,0,0
1720367409,0,1,2,2,0,2348,0,6790,0,2348,0,6790,0,0,0,0,0
1720367410,0,1,2,2,0,2348,0,6790,0,2348,0,6790,0,0,0,0,0
1720367411,0,1,2,2,0,2348,0,6790,0,2348,0,6790,0,0,0,0,0
1720367412,0,1,2,2,0,2348,0,6790,0,2348,0,6790,0,0,0,0,0
1720367413,0,1,2,2,0,2348,0,6790,0,2348,0,6790,0,0,0,0,0
