"timestamp","inputBitrate","demuxBitrate","demuxCorrupted","demuxDiscontinuity","sendBitrate","framesDisplayed","playedAudioBuffers","decodedVideo","decodedAudio","framesDisplayedAux","playedAudioBuffersAux","decodedVideoAux","decodedAudioAux","framesDisplayedCalc","playedAudioBuffersCalc","decodedVideoCalc","decodedAudioCalc"
1720428083,0,0,0,0,0,0,0,0,0,0,0,0,0,0,0,0,0
1720428084,0,0,0,0,0,0,0,0,0,0,0,0,0,0,0,0,0
1720428087,0,0,0,0,0,0,0,2,0,0,0,0,0,0,0,2,0
1720428088,0,0,1,0,0,17,0,118,0,0,0,2,0,17,0,116,0
1720428089,0,12,1,0,0,40,0,228,0,17,0,118,0,23,0,110,0
1720428090,0,9,2,0,0,71,0,344,0,40,0,228,0,31,0,116,0
1720428091,0,10,2,0,0,97,0,435,0,71,0,344,0,26,0,91,0
1720428092,0,12,2,0,0,125,0,521,0,97,0,435,0,28,0,86,0
1720428093,0,16,3,0,0,154,0,603,0,125,0,521,0,29,0,82,0
1720428094,0,15,3,2,0,173,0,655,0,154,0,603,0,19,0,52,0
1720428095,0,17,3,2,0,173,0,655,0,173,0,655,0,0,0,0,0
1720428096,0,20,3,2,0,188,0,709,0,173,0,655,0,15,0,54,0
1720428097,0,16,3,2,0,214,0,787,0,188,0,709,0,26,0,78,0
1720428098,0,15,3,2,0,242,0,867,0,214,0,787,0,28,0,80,0
1720428099,0,8,3,2,0,263,0,950,0,242,0,867,0,21,0,83,0
1720428100,0,8,3,2,0,285,0,1042,0,263,0,950,0,22,0,92,0
1720428101,0,8,3,2,0,307,0,1132,0,285,0,1042,0,22,0,90,0
1720428102,0,9,3,2,0,337,0,1236,0,307,0,1132,0,30,0,104,0
1720428103,0,9,3,2,0,367,0,1340,0,337,0,1236,0,30,0,104,0
1720428104,0,8,3,2,0,391,0,1410,0,367,0,1340,0,24,0,70,0
1720428105,0,12,3,2,0,408,0,1503,0,391,0,1410,0,17,0,93,0
1720428106,0,9,3,2,0,429,0,1545,0,408,0,1503,0,21,0,42,0
1720428107,0,9,3,2,0,460,0,1653,0,429,0,1545,0,31,0,108,0
1720428108,0,5,3,2,0,492,0,1749,0,460,0,1653,0,32,0,96,0
1720428109,0,4,3,2,0,523,0,1889,0,492,0,1749,0,31,0,140,0
1720428110,0,4,3,2,0,555,0,2025,0,523,0,1889,0,32,0,136,0
1720428111,0,4,3,2,0,581,0,2133,0,555,0,2025,0,26,0,108,0
1720428112,0,5,3,2,0,613,0,2253,0,581,0,2133,0,32,0,120,0
1720428113,0,4,3,2,0,645,0,2353,0,613,0,2253,0,32,0,100,0
1720428114,0,2,3,2,0,670,0,2496,0,645,0,2353,0,25,0,143,0
1720428115,0,11,3,2,0,705,0,2642,0,670,0,2496,0,35,0,146,0
1720428116,0,17,3,2,0,722,0,2680,0,705,0,2642,0,17,0,38,0
1720428117,0,17,3,2,0,750,0,2740,0,722,0,2680,0,28,0,60,0
1720428118,0,16,3,2,0,775,0,2794,0,750,0,2740,0,25,0,54,0
1720428119,0,16,3,2,0,793,0,2848,0,775,0,2794,0,18,0,54,0
1720428120,0,18,3,2,0,808,0,2909,0,793,0,2848,0,15,0,61,0
1720428121,0,15,3,2,0,823,0,2967,0,808,0,2909,0,15,0,58,0
1720428122,0,6,3,2,0,836,0,3027,0,823,0,2967,0,13,0,60,0
1720428123,0,8,3,2,0,859,0,3132,0,836,0,3027,0,23,0,105,0
1720428124,0,10,3,2,0,877,0,3203,0,859,0,3132,0,18,0,71,0
1720428125,0,10,3,2,0,890,0,3282,0,877,0,3203,0,13,0,79,0
1720428126,0,11,3,2,0,890,0,3282,0,890,0,3282,0,0,0,0,0
1720428127,0,7,3,2,0,890,0,3282,0,890,0,3282,0,0,0,0,0
1720428128,0,7,3,2,0,931,0,3286,0,890,0,3282,0,41,0,4,0
1720428129,0,10,3,2,0,951,0,3378,0,931,0,3286,0,20,0,92,0
1720428130,0,9,3,2,0,968,0,3478,0,951,0,3378,0,17,0,100,0
1720428131,0,9,3,2,0,980,0,3544,0,968,0,3478,0,12,0,66,0
1720428132,0,10,3,2,0,997,0,3632,0,980,0,3544,0,17,0,88,0
1720428133,0,10,3,2,0,1012,0,3719,0,997,0,3632,0,15,0,87,0
1720428134,0,10,3,2,0,1026,0,3794,0,1012,0,3719,0,14,0,75,0
1720428135,0,9,3,2,0,1041,0,3881,0,1026,0,3794,0,15,0,87,0
1720428136,0,9,3,2,0,1048,0,3928,0,1041,0,3881,0,7,0,47,0
1720428137,0,9,3,2,0,1048,0,3928,0,1048,0,3928,0,0,0,0,0
1720428138,0,9,3,2,0,1084,0,3986,0,1048,0,3928,0,36,0,58,0
1720428139,0,9,3,2,0,1098,0,4073,0,1084,0,3986,0,14,0,87,0
1720428140,0,7,3,2,0,1112,0,4158,0,1098,0,4073,0,14,0,85,0
1720428141,0,8,3,2,0,1126,0,4244,0,1112,0,4158,0,14,0,86,0
1720428142,0,8,3,2,0,1137,0,4317,0,1126,0,4244,0,11,0,73,0
1720428143,0,8,3,2,0,1152,0,4422,0,1137,0,4317,0,15,0,105,0
1720428144,0,8,3,2,0,1166,0,4509,0,1152,0,4422,0,14,0,87,0
1720428145,0,8,3,2,0,1180,0,4588,0,1166,0,4509,0,14,0,79,0
1720428146,0,7,3,2,0,1189,0,4651,0,1180,0,4588,0,9,0,63,0
1720428147,0,9,3,2,0,1213,0,4671,0,1189,0,4651,0,24,0,20,0
1720428148,0,11,3,2,0,1227,0,4735,0,1213,0,4671,0,14,0,64,0
1720428149,0,11,3,2,0,1249,0,4841,0,1227,0,4735,0,22,0,106,0
1720428150,0,10,3,2,0,1263,0,4915,0,1249,0,4841,0,14,0,74,0
1720428151,0,9,3,2,0,1277,0,4986,0,1263,0,4915,0,14,0,71,0
1720428152,0,8,3,2,0,1291,0,5075,0,1277,0,4986,0,14,0,89,0
1720428153,0,8,3,2,0,1303,0,5157,0,1291,0,5075,0,12,0,82,0
1720428154,0,8,3,2,0,1322,0,5270,0,1303,0,5157,0,19,0,113,0
1720428155,0,8,3,2,0,1337,0,5369,0,1322,0,5270,0,15,0,99,0
1720428156,0,9,3,2,0,1340,0,5387,0,1337,0,5369,0,3,0,18,0
1720428157,0,7,3,2,0,1373,0,5425,0,1340,0,5387,0,33,0,38,0
1720428158,0,7,3,2,0,1386,0,5507,0,1373,0,5425,0,13,0,82,0
1720428159,0,7,3,2,0,1413,0,5639,0,1386,0,5507,0,27,0,132,0
1720428160,0,7,3,2,0,1441,0,5715,0,1413,0,5639,0,28,0,76,0
1720428161,0,7,3,2,0,1441,0,5715,0,1441,0,5715,0,0,0,0,0
1720428162,0,7,3,2,0,1441,0,5715,0,1441,0,5715,0,0,0,0,0
1720428163,0,7,3,2,0,1441,0,5715,0,1441,0,5715,0,0,0,0,0
1720428164,0,7,3,2,0,1441,0,5715,0,1441,0,5715,0,0,0,0,0
1720428165,0,7,3,2,0,1441,0,5715,0,1441,0,5715,0,0,0,0,0
1720428166,0,7,3,2,0,1441,0,5715,0,1441,0,5715,0,0,0,0,0
1720428167,0,7,3,2,0,1441,0,5715,0,1441,0,5715,0,0,0,0,0
