"timestamp","inputBitrate","demuxBitrate","demuxCorrupted","demuxDiscontinuity","sendBitrate","framesDisplayed","playedAudioBuffers","decodedVideo","decodedAudio","framesDisplayedAux","playedAudioBuffersAux","decodedVideoAux","decodedAudioAux","framesDisplayedCalc","playedAudioBuffersCalc","decodedVideoCalc","decodedAudioCalc"
1720289369,0,0,0,0,0,0,0,0,0,0,0,0,0,0,0,0,0
1720289370,0,0,0,0,0,0,0,2,0,0,0,0,0,0,0,2,0
1720289371,0,1,0,0,0,26,0,68,0,0,0,2,0,26,0,66,0
1720289372,0,1,0,0,0,79,0,186,0,26,0,68,0,53,0,118,0
1720289373,0,2,0,0,0,131,0,306,0,79,0,186,0,52,0,120,0
1720289374,0,2,0,0,0,176,0,412,0,131,0,306,0,45,0,106,0
1720289375,0,3,0,0,0,223,0,518,0,176,0,412,0,47,0,106,0
1720289376,0,3,0,0,0,255,0,598,0,223,0,518,0,32,0,80,0
1720289377,0,5,1,0,0,296,0,696,0,255,0,598,0,41,0,98,0
1720289378,0,6,1,0,0,337,0,791,0,296,0,696,0,41,0,95,0
1720289379,0,7,1,0,0,380,0,883,0,337,0,791,0,43,0,92,0
1720289380,0,7,1,2,0,392,0,913,0,380,0,883,0,12,0,30,0
1720289381,0,8,2,2,0,408,0,981,0,392,0,913,0,16,0,68,0
1720289382,0,10,2,2,0,438,0,1053,0,408,0,981,0,30,0,72,0
1720289383,0,8,2,2,0,475,0,1144,0,438,0,1053,0,37,0,91,0
1720289384,0,9,2,2,0,514,0,1242,0,475,0,1144,0,39,0,98,0
1720289385,0,10,2,2,0,552,0,1338,0,514,0,1242,0,38,0,96,0
1720289386,0,10,2,2,0,590,0,1428,0,552,0,1338,0,38,0,90,0
1720289387,0,9,2,2,0,617,0,1494,0,590,0,1428,0,27,0,66,0
1720289388,0,7,2,2,0,655,0,1590,0,617,0,1494,0,38,0,96,0
1720289389,0,6,2,2,0,694,0,1680,0,655,0,1590,0,39,0,90,0
1720289390,0,7,2,2,0,724,0,1809,0,694,0,1680,0,30,0,129,0
1720289391,0,7,2,2,0,746,0,1829,0,724,0,1809,0,22,0,20,0
1720289392,0,7,2,2,0,788,0,1941,0,746,0,1829,0,42,0,112,0
1720289393,0,3,2,2,0,821,0,2021,0,788,0,1941,0,33,0,80,0
1720289394,0,1,2,2,0,870,0,2127,0,821,0,2021,0,49,0,106,0
1720289395,0,2,2,2,0,915,0,2233,0,870,0,2127,0,45,0,106,0
1720289396,0,2,2,2,0,963,0,2347,0,915,0,2233,0,48,0,114,0
1720289397,0,1,2,2,0,1016,0,2465,0,963,0,2347,0,53,0,118,0
1720289398,0,2,2,2,0,1065,0,2579,0,1016,0,2465,0,49,0,114,0
1720289399,0,1,2,2,0,1110,0,2693,0,1065,0,2579,0,45,0,114,0
1720289400,0,1,2,2,0,1153,0,2843,0,1110,0,2693,0,43,0,150,0
1720289401,0,6,2,2,0,1154,0,2847,0,1153,0,2843,0,1,0,4,0
1720289402,0,9,2,2,0,1206,0,2973,0,1154,0,2847,0,52,0,126,0
1720289403,0,8,2,2,0,1245,0,3071,0,1206,0,2973,0,39,0,98,0
1720289404,0,8,2,2,0,1281,0,3163,0,1245,0,3071,0,36,0,92,0
1720289405,0,9,2,2,0,1319,0,3259,0,1281,0,3163,0,38,0,96,0
1720289406,0,9,2,2,0,1347,0,3331,0,1319,0,3259,0,28,0,72,0
1720289407,0,8,2,2,0,1384,0,3431,0,1347,0,3331,0,37,0,100,0
1720289408,0,9,2,2,0,1424,0,3537,0,1384,0,3431,0,40,0,106,0
1720289409,0,9,2,2,0,1467,0,3639,0,1424,0,3537,0,43,0,102,0
1720289410,0,10,2,2,0,1472,0,3698,0,1467,0,3639,0,5,0,59,0
1720289411,0,10,2,2,0,1497,0,3730,0,1472,0,3698,0,25,0,32,0
1720289412,0,9,2,2,0,1532,0,3806,0,1497,0,3730,0,35,0,76,0
1720289413,0,9,2,2,0,1558,0,3870,0,1532,0,3806,0,26,0,64,0
1720289414,0,9,2,2,0,1594,0,3960,0,1558,0,3870,0,36,0,90,0
1720289415,0,10,2,2,0,1628,0,4050,0,1594,0,3960,0,34,0,90,0
1720289416,0,9,2,2,0,1665,0,4138,0,1628,0,4050,0,37,0,88,0
1720289417,0,9,2,2,0,1702,0,4226,0,1665,0,4138,0,37,0,88,0
1720289418,0,8,2,2,0,1738,0,4320,0,1702,0,4226,0,36,0,94,0
1720289419,0,6,2,2,0,1769,0,4394,0,1738,0,4320,0,31,0,74,0
1720289420,0,5,2,2,0,1806,0,4527,0,1769,0,4394,0,37,0,133,0
1720289421,0,6,2,2,0,1806,0,4527,0,1806,0,4527,0,0,0,0,0
1720289422,0,5,2,2,0,1865,0,4643,0,1806,0,4527,0,59,0,116,0
1720289423,0,5,2,2,0,1906,0,4743,0,1865,0,4643,0,41,0,100,0
1720289424,0,5,2,2,0,1945,0,4841,0,1906,0,4743,0,39,0,98,0
1720289425,0,4,2,2,0,1975,0,4913,0,1945,0,4841,0,30,0,72,0
1720289426,0,4,2,2,0,2018,0,5015,0,1975,0,4913,0,43,0,102,0
1720289427,0,3,2,2,0,2059,0,5117,0,2018,0,5015,0,41,0,102,0
1720289428,0,3,2,2,0,2102,0,5219,0,2059,0,5117,0,43,0,102,0
1720289429,0,3,2,2,0,2144,0,5321,0,2102,0,5219,0,42,0,102,0
1720289430,0,4,2,2,0,2172,0,5450,0,2144,0,5321,0,28,0,129,0
1720289431,0,4,2,2,0,2172,0,5450,0,2172,0,5450,0,0,0,0,0
1720289432,0,4,2,2,0,2208,0,5511,0,2172,0,5450,0,36,0,61,0
1720289433,0,4,2,2,0,2255,0,5655,0,2208,0,5511,0,47,0,144,0
1720289434,0,6,2,2,0,2301,0,5767,0,2255,0,5655,0,46,0,112,0
1720289435,0,7,2,2,0,2347,0,5873,0,2301,0,5767,0,46,0,106,0
1720289436,0,6,2,2,0,2391,0,5979,0,2347,0,5873,0,44,0,106,0
1720289437,0,6,2,2,0,2421,0,6061,0,2391,0,5979,0,30,0,82,0
1720289438,0,5,2,2,0,2471,0,6183,0,2421,0,6061,0,50,0,122,0
1720289439,0,3,2,2,0,2520,0,6303,0,2471,0,6183,0,49,0,120,0
1720289440,0,3,2,2,0,2553,0,6375,0,2520,0,6303,0,33,0,72,0
1720289441,0,3,2,2,0,2553,0,6375,0,2553,0,6375,0,0,0,0,0
1720289442,0,4,2,2,0,2601,0,6447,0,2553,0,6375,0,48,0,72,0
1720289443,0,3,2,2,0,2657,0,6577,0,2601,0,6447,0,56,0,130,0
1720289444,0,3,2,2,0,2696,0,6673,0,2657,0,6577,0,39,0,96,0
1720289445,0,1,2,2,0,2763,0,6821,0,2696,0,6673,0,67,0,148,0
1720289446,0,1,2,2,0,2809,0,6913,0,2763,0,6821,0,46,0,92,0
1720289447,0,1,2,2,0,2809,0,6913,0,2809,0,6913,0,0,0,0,0
1720289448,0,1,2,2,0,2809,0,6913,0,2809,0,6913,0,0,0,0,0
1720289449,0,1,2,2,0,2809,0,6913,0,2809,0,6913,0,0,0,0,0
1720289450,0,1,2,2,0,2809,0,6913,0,2809,0,6913,0,0,0,0,0
1720289451,0,1,2,2,0,2809,0,6913,0,2809,0,6913,0,0,0,0,0
1720289452,0,1,2,2,0,2809,0,6913,0,2809,0,6913,0,0,0,0,0
1720289453,0,1,2,2,0,2809,0,6913,0,2809,0,6913,0,0,0,0,0
1720289454,0,1,2,2,0,2809,0,6913,0,2809,0,6913,0,0,0,0,0
1720289455,0,1,2,2,0,2809,0,6913,0,2809,0,6913,0,0,0,0,0
