"timestamp","inputBitrate","demuxBitrate","demuxCorrupted","demuxDiscontinuity","sendBitrate","framesDisplayed","playedAudioBuffers","decodedVideo","decodedAudio","framesDisplayedAux","playedAudioBuffersAux","decodedVideoAux","decodedAudioAux","framesDisplayedCalc","playedAudioBuffersCalc","decodedVideoCalc","decodedAudioCalc"
1720215307,0,0,0,0,0,0,0,0,0,0,0,0,0,0,0,0,0
1720215308,0,0,0,0,0,0,0,0,0,0,0,0,0,0,0,0,0
1720215309,0,0,0,0,0,19,0,46,0,0,0,0,0,19,0,46,0
1720215310,0,1,0,0,0,81,0,170,0,19,0,46,0,62,0,124,0
1720215311,0,1,0,0,0,144,0,296,0,81,0,170,0,63,0,126,0
1720215312,0,1,0,0,0,207,0,422,0,144,0,296,0,63,0,126,0
1720215313,0,2,0,0,0,251,0,510,0,207,0,422,0,44,0,88,0
1720215314,0,3,0,0,0,314,0,636,0,251,0,510,0,63,0,126,0
1720215315,0,4,0,0,0,373,0,754,0,314,0,636,0,59,0,118,0
1720215316,0,5,0,0,0,438,0,884,0,373,0,754,0,65,0,130,0
1720215317,0,6,0,0,0,502,0,1012,0,438,0,884,0,64,0,128,0
1720215318,0,5,1,1,0,567,0,1142,0,502,0,1012,0,65,0,130,0
1720215319,0,6,1,1,0,592,0,1193,0,567,0,1142,0,25,0,51,0
1720215320,0,7,1,1,0,643,0,1331,0,592,0,1193,0,51,0,138,0
1720215321,0,7,1,1,0,705,0,1453,0,643,0,1331,0,62,0,122,0
1720215322,0,5,1,1,0,766,0,1577,0,705,0,1453,0,61,0,124,0
1720215323,0,4,1,1,0,825,0,1695,0,766,0,1577,0,59,0,118,0
1720215324,0,5,1,1,0,874,0,1793,0,825,0,1695,0,49,0,98,0
1720215325,0,5,1,1,0,934,0,1913,0,874,0,1793,0,60,0,120,0
1720215326,0,5,1,1,0,996,0,2037,0,934,0,1913,0,62,0,124,0
1720215327,0,1,1,1,0,1061,0,2167,0,996,0,2037,0,65,0,130,0
1720215328,0,1,1,1,0,1128,0,2303,0,1061,0,2167,0,67,0,136,0
1720215329,0,1,1,1,0,1193,0,2435,0,1128,0,2303,0,65,0,132,0
1720215330,0,1,1,1,0,1256,0,2561,0,1193,0,2435,0,63,0,126,0
1720215331,0,1,1,1,0,1304,0,2657,0,1256,0,2561,0,48,0,96,0
1720215332,0,0,1,1,0,1365,0,2779,0,1304,0,2657,0,61,0,122,0
1720215333,0,0,1,1,0,1428,0,2905,0,1365,0,2779,0,63,0,126,0
1720215334,0,5,1,1,0,1489,0,3027,0,1428,0,2905,0,61,0,122,0
1720215335,0,6,1,1,0,1551,0,3149,0,1489,0,3027,0,62,0,122,0
1720215336,0,5,1,1,0,1612,0,3273,0,1551,0,3149,0,61,0,124,0
1720215337,0,5,1,1,0,1660,0,3369,0,1612,0,3273,0,48,0,96,0
1720215338,0,6,1,1,0,1722,0,3493,0,1660,0,3369,0,62,0,124,0
1720215339,0,6,1,1,0,1776,0,3597,0,1722,0,3493,0,54,0,104,0
1720215340,0,6,1,1,0,1839,0,3723,0,1776,0,3597,0,63,0,126,0
1720215341,0,6,1,1,0,1901,0,3845,0,1839,0,3723,0,62,0,122,0
1720215342,0,6,1,1,0,1950,0,3945,0,1901,0,3845,0,49,0,100,0
1720215343,0,6,1,1,0,2012,0,4069,0,1950,0,3945,0,62,0,124,0
1720215344,0,6,1,1,0,2073,0,4191,0,2012,0,4069,0,61,0,122,0
1720215345,0,6,1,1,0,2134,0,4313,0,2073,0,4191,0,61,0,122,0
1720215346,0,6,1,1,0,2196,0,4435,0,2134,0,4313,0,62,0,122,0
1720215347,0,4,1,1,0,2257,0,4559,0,2196,0,4435,0,61,0,124,0
1720215348,0,4,1,1,0,2318,0,4681,0,2257,0,4559,0,61,0,122,0
1720215349,0,4,1,1,0,2360,0,4755,0,2318,0,4681,0,42,0,74,0
1720215350,0,4,1,1,0,2423,0,4881,0,2360,0,4755,0,63,0,126,0
1720215351,0,4,1,1,0,2470,0,4975,0,2423,0,4881,0,47,0,94,0
1720215352,0,4,1,1,0,2533,0,5101,0,2470,0,4975,0,63,0,126,0
1720215353,0,3,1,1,0,2594,0,5223,0,2533,0,5101,0,61,0,122,0
1720215354,0,3,1,1,0,2658,0,5351,0,2594,0,5223,0,64,0,128,0
1720215355,0,2,1,1,0,2720,0,5475,0,2658,0,5351,0,62,0,124,0
1720215356,0,3,1,1,0,2783,0,5601,0,2720,0,5475,0,63,0,126,0
1720215357,0,3,1,1,0,2846,0,5727,0,2783,0,5601,0,63,0,126,0
1720215358,0,2,1,1,0,2908,0,5851,0,2846,0,5727,0,62,0,124,0
1720215359,0,2,1,1,0,2955,0,5945,0,2908,0,5851,0,47,0,94,0
1720215360,0,5,1,1,0,3018,0,6104,0,2955,0,5945,0,63,0,159,0
1720215361,0,6,1,1,0,3082,0,6232,0,3018,0,6104,0,64,0,128,0
1720215362,0,4,1,1,0,3144,0,6354,0,3082,0,6232,0,62,0,122,0
1720215363,0,2,1,1,0,3206,0,6478,0,3144,0,6354,0,62,0,124,0
1720215364,0,2,1,1,0,3267,0,6602,0,3206,0,6478,0,61,0,124,0
1720215365,0,2,1,1,0,3329,0,6726,0,3267,0,6602,0,62,0,124,0
1720215366,0,2,1,1,0,3376,0,6820,0,3329,0,6726,0,47,0,94,0
1720215367,0,2,1,1,0,3439,0,6946,0,3376,0,6820,0,63,0,126,0
1720215368,0,0,1,1,0,3514,0,7096,0,3439,0,6946,0,75,0,150,0
1720215369,0,0,1,1,0,3550,0,7168,0,3514,0,7096,0,36,0,72,0
1720215370,0,0,1,1,0,3550,0,7168,0,3550,0,7168,0,0,0,0,0
1720215371,0,0,1,1,0,3550,0,7168,0,3550,0,7168,0,0,0,0,0
1720215372,0,0,1,1,0,3550,0,7168,0,3550,0,7168,0,0,0,0,0
1720215373,0,0,1,1,0,3550,0,7168,0,3550,0,7168,0,0,0,0,0
1720215374,0,0,1,1,0,3550,0,7168,0,3550,0,7168,0,0,0,0,0
1720215375,0,0,1,1,0,3550,0,7168,0,3550,0,7168,0,0,0,0,0
1720215376,0,0,1,1,0,3550,0,7168,0,3550,0,7168,0,0,0,0,0
1720215377,0,0,1,1,0,3550,0,7168,0,3550,0,7168,0,0,0,0,0
1720215378,0,0,1,1,0,3550,0,7168,0,3550,0,7168,0,0,0,0,0
