"timestamp","inputBitrate","demuxBitrate","demuxCorrupted","demuxDiscontinuity","sendBitrate","framesDisplayed","playedAudioBuffers","decodedVideo","decodedAudio","framesDisplayedAux","playedAudioBuffersAux","decodedVideoAux","decodedAudioAux","framesDisplayedCalc","playedAudioBuffersCalc","decodedVideoCalc","decodedAudioCalc"
1720215494,0,0,0,0,0,0,0,0,0,0,0,0,0,0,0,0,0
1720215495,0,0,0,0,0,0,0,0,0,0,0,0,0,0,0,0,0
1720215496,0,0,0,0,0,19,0,42,0,0,0,0,0,19,0,42,0
1720215497,0,1,0,0,0,67,0,138,0,19,0,42,0,48,0,96,0
1720215498,0,1,0,0,0,124,0,252,0,67,0,138,0,57,0,114,0
1720215499,0,1,0,0,0,182,0,368,0,124,0,252,0,58,0,116,0
1720215500,0,2,0,0,0,241,0,488,0,182,0,368,0,59,0,120,0
1720215501,0,2,0,0,0,300,0,606,0,241,0,488,0,59,0,118,0
1720215502,0,4,0,0,0,362,0,730,0,300,0,606,0,62,0,124,0
1720215503,0,4,0,0,0,407,0,820,0,362,0,730,0,45,0,90,0
1720215504,0,5,0,0,0,459,0,924,0,407,0,820,0,52,0,104,0
1720215505,0,5,0,1,0,515,0,1036,0,459,0,924,0,56,0,112,0
1720215506,0,4,1,1,0,569,0,1142,0,515,0,1036,0,54,0,106,0
1720215507,0,6,1,1,0,622,0,1257,0,569,0,1142,0,53,0,115,0
1720215508,0,6,1,1,0,666,0,1345,0,622,0,1257,0,44,0,88,0
1720215509,0,6,1,1,0,721,0,1455,0,666,0,1345,0,55,0,110,0
1720215510,0,5,1,1,0,775,0,1563,0,721,0,1455,0,54,0,108,0
1720215511,0,4,1,1,0,828,0,1669,0,775,0,1563,0,53,0,106,0
1720215512,0,4,1,1,0,885,0,1783,0,828,0,1669,0,57,0,114,0
1720215513,0,4,1,1,0,939,0,1891,0,885,0,1783,0,54,0,108,0
1720215514,0,4,1,1,0,980,0,1973,0,939,0,1891,0,41,0,82,0
1720215515,0,4,1,1,0,1035,0,2083,0,980,0,1973,0,55,0,110,0
1720215516,0,3,1,1,0,1054,0,2179,0,1035,0,2083,0,19,0,96,0
1720215517,0,1,1,1,0,1096,0,2280,0,1054,0,2179,0,42,0,101,0
1720215518,0,1,1,1,0,1160,0,2410,0,1096,0,2280,0,64,0,130,0
1720215519,0,1,1,1,0,1221,0,2532,0,1160,0,2410,0,61,0,122,0
1720215520,0,1,1,1,0,1266,0,2622,0,1221,0,2532,0,45,0,90,0
1720215521,0,1,1,1,0,1326,0,2742,0,1266,0,2622,0,60,0,120,0
1720215522,0,0,1,1,0,1386,0,2862,0,1326,0,2742,0,60,0,120,0
1720215523,0,0,1,1,0,1448,0,2986,0,1386,0,2862,0,62,0,124,0
1720215524,0,4,1,1,0,1509,0,3108,0,1448,0,2986,0,61,0,122,0
1720215525,0,5,1,1,0,1570,0,3230,0,1509,0,3108,0,61,0,122,0
1720215526,0,5,1,1,0,1597,0,3284,0,1570,0,3230,0,27,0,54,0
1720215527,0,5,1,1,0,1653,0,3382,0,1597,0,3284,0,56,0,98,0
1720215528,0,4,1,1,0,1716,0,3508,0,1653,0,3382,0,63,0,126,0
1720215529,0,5,1,1,0,1778,0,3632,0,1716,0,3508,0,62,0,124,0
1720215530,0,5,1,1,0,1839,0,3754,0,1778,0,3632,0,61,0,122,0
1720215531,0,5,1,1,0,1885,0,3846,0,1839,0,3754,0,46,0,92,0
1720215532,0,5,1,1,0,1945,0,3966,0,1885,0,3846,0,60,0,120,0
1720215533,0,5,1,1,0,1964,0,3994,0,1945,0,3966,0,19,0,28,0
1720215534,0,6,1,1,0,2010,0,4080,0,1964,0,3994,0,46,0,86,0
1720215535,0,6,1,1,0,2062,0,4208,0,2010,0,4080,0,52,0,128,0
1720215536,0,6,1,1,0,2079,0,4253,0,2062,0,4208,0,17,0,45,0
1720215537,0,6,1,1,0,2122,0,4339,0,2079,0,4253,0,43,0,86,0
1720215538,0,5,1,1,0,2177,0,4449,0,2122,0,4339,0,55,0,110,0
1720215539,0,4,1,1,0,2232,0,4559,0,2177,0,4449,0,55,0,110,0
1720215540,0,4,1,1,0,2289,0,4673,0,2232,0,4559,0,57,0,114,0
1720215541,0,3,1,1,0,2341,0,4777,0,2289,0,4673,0,52,0,104,0
1720215542,0,3,1,1,0,2397,0,4889,0,2341,0,4777,0,56,0,112,0
1720215543,0,3,1,1,0,2457,0,5009,0,2397,0,4889,0,60,0,120,0
1720215544,0,3,1,1,0,2505,0,5105,0,2457,0,5009,0,48,0,96,0
1720215545,0,2,1,1,0,2562,0,5219,0,2505,0,5105,0,57,0,114,0
1720215546,0,2,1,1,0,2578,0,5309,0,2562,0,5219,0,16,0,90,0
1720215547,0,2,1,1,0,2640,0,5423,0,2578,0,5309,0,62,0,114,0
1720215548,0,2,1,1,0,2697,0,5537,0,2640,0,5423,0,57,0,114,0
1720215549,0,3,1,1,0,2740,0,5623,0,2697,0,5537,0,43,0,86,0
1720215550,0,2,1,1,0,2799,0,5741,0,2740,0,5623,0,59,0,118,0
1720215551,0,2,1,1,0,2853,0,5849,0,2799,0,5741,0,54,0,108,0
1720215552,0,5,1,1,0,2910,0,5963,0,2853,0,5849,0,57,0,114,0
1720215553,0,5,1,1,0,2966,0,6075,0,2910,0,5963,0,56,0,112,0
1720215554,0,4,1,1,0,3023,0,6189,0,2966,0,6075,0,57,0,114,0
1720215555,0,2,1,1,0,3081,0,6305,0,3023,0,6189,0,58,0,116,0
1720215556,0,2,1,1,0,3114,0,6411,0,3081,0,6305,0,33,0,106,0
1720215557,0,2,1,1,0,3156,0,6505,0,3114,0,6411,0,42,0,94,0
1720215558,0,2,1,1,0,3220,0,6633,0,3156,0,6505,0,64,0,128,0
1720215559,0,2,1,1,0,3279,0,6751,0,3220,0,6633,0,59,0,118,0
1720215560,0,2,1,1,0,3337,0,6867,0,3279,0,6751,0,58,0,116,0
1720215561,0,1,1,1,0,3395,0,6983,0,3337,0,6867,0,58,0,116,0
1720215562,0,1,1,1,0,3436,0,7065,0,3395,0,6983,0,41,0,82,0
1720215563,0,1,1,1,0,3436,0,7065,0,3436,0,7065,0,0,0,0,0
1720215564,0,1,1,1,0,3436,0,7065,0,3436,0,7065,0,0,0,0,0
1720215565,0,1,1,1,0,3436,0,7065,0,3436,0,7065,0,0,0,0,0
1720215566,0,1,1,1,0,3436,0,7065,0,3436,0,7065,0,0,0,0,0
1720215567,0,1,1,1,0,3436,0,7065,0,3436,0,7065,0,0,0,0,0
1720215568,0,1,1,1,0,3436,0,7065,0,3436,0,7065,0,0,0,0,0
1720215569,0,1,1,1,0,3436,0,7065,0,3436,0,7065,0,0,0,0,0
1720215570,0,1,1,1,0,3436,0,7065,0,3436,0,7065,0,0,0,0,0
1720215571,0,1,1,1,0,3436,0,7065,0,3436,0,7065,0,0,0,0,0
