"timestamp","inputBitrate","demuxBitrate","demuxCorrupted","demuxDiscontinuity","sendBitrate","framesDisplayed","playedAudioBuffers","decodedVideo","decodedAudio","framesDisplayedAux","playedAudioBuffersAux","decodedVideoAux","decodedAudioAux","framesDisplayedCalc","playedAudioBuffersCalc","decodedVideoCalc","decodedAudioCalc"
1720214254,0,0,0,0,0,0,0,0,0,0,0,0,0,0,0,0,0
1720214255,0,0,0,0,0,0,0,2,0,0,0,0,0,0,0,2,0
1720214256,0,0,0,0,0,18,0,42,0,0,0,2,0,18,0,40,0
1720214257,0,1,0,0,0,76,0,162,0,18,0,42,0,58,0,120,0
1720214258,0,1,0,0,0,130,0,272,0,76,0,162,0,54,0,110,0
1720214259,0,1,0,0,0,190,0,394,0,130,0,272,0,60,0,122,0
1720214260,0,2,0,0,0,253,0,526,0,190,0,394,0,63,0,132,0
1720214261,0,2,0,0,0,307,0,636,0,253,0,526,0,54,0,110,0
1720214262,0,3,0,0,0,351,0,724,0,307,0,636,0,44,0,88,0
1720214263,0,3,0,0,0,396,0,816,0,351,0,724,0,45,0,92,0
1720214264,0,4,0,0,0,447,0,918,0,396,0,816,0,51,0,102,0
1720214265,0,5,0,1,0,499,0,1048,0,447,0,918,0,52,0,130,0
1720214266,0,4,1,1,0,540,0,1134,0,499,0,1048,0,41,0,86,0
1720214267,0,5,1,1,0,592,0,1239,0,540,0,1134,0,52,0,105,0
1720214268,0,6,1,1,0,627,0,1311,0,592,0,1239,0,35,0,72,0
1720214269,0,6,1,1,0,677,0,1413,0,627,0,1311,0,50,0,102,0
1720214270,0,6,1,1,0,731,0,1521,0,677,0,1413,0,54,0,108,0
1720214271,0,4,1,1,0,780,0,1619,0,731,0,1521,0,49,0,98,0
1720214272,0,4,1,1,0,831,0,1723,0,780,0,1619,0,51,0,104,0
1720214273,0,4,1,1,0,880,0,1823,0,831,0,1723,0,49,0,100,0
1720214274,0,4,1,1,0,931,0,1927,0,880,0,1823,0,51,0,104,0
1720214275,0,4,1,1,0,969,0,2023,0,931,0,1927,0,38,0,96,0
1720214276,0,3,1,1,0,974,0,2069,0,969,0,2023,0,5,0,46,0
1720214277,0,1,1,1,0,1016,0,2164,0,974,0,2069,0,42,0,95,0
1720214278,0,1,1,1,0,1079,0,2294,0,1016,0,2164,0,63,0,130,0
1720214279,0,1,1,1,0,1141,0,2418,0,1079,0,2294,0,62,0,124,0
1720214280,0,1,1,1,0,1206,0,2550,0,1141,0,2418,0,65,0,132,0
1720214281,0,1,1,1,0,1267,0,2680,0,1206,0,2550,0,61,0,130,0
1720214282,0,0,1,1,0,1327,0,2802,0,1267,0,2680,0,60,0,122,0
1720214283,0,1,1,1,0,1376,0,2900,0,1327,0,2802,0,49,0,98,0
1720214284,0,5,1,1,0,1437,0,3022,0,1376,0,2900,0,61,0,122,0
1720214285,0,5,1,1,0,1495,0,3144,0,1437,0,3022,0,58,0,122,0
1720214286,0,5,1,1,0,1541,0,3228,0,1495,0,3144,0,46,0,84,0
1720214287,0,5,1,1,0,1600,0,3350,0,1541,0,3228,0,59,0,122,0
1720214288,0,5,1,1,0,1660,0,3472,0,1600,0,3350,0,60,0,122,0
1720214289,0,5,1,1,0,1702,0,3560,0,1660,0,3472,0,42,0,88,0
1720214290,0,5,1,1,0,1762,0,3686,0,1702,0,3560,0,60,0,126,0
1720214291,0,5,1,1,0,1781,0,3722,0,1762,0,3686,0,19,0,36,0
1720214292,0,5,1,1,0,1821,0,3800,0,1781,0,3722,0,40,0,78,0
1720214293,0,5,1,1,0,1870,0,3896,0,1821,0,3800,0,49,0,96,0
1720214294,0,5,1,1,0,1921,0,3994,0,1870,0,3896,0,51,0,98,0
1720214295,0,5,1,1,0,1960,0,4113,0,1921,0,3994,0,39,0,119,0
1720214296,0,6,1,1,0,1979,0,4143,0,1960,0,4113,0,19,0,30,0
1720214297,0,5,1,1,0,2030,0,4247,0,1979,0,4143,0,51,0,104,0
1720214298,0,5,1,1,0,2076,0,4339,0,2030,0,4247,0,46,0,92,0
1720214299,0,4,1,1,0,2131,0,4453,0,2076,0,4339,0,55,0,114,0
1720214300,0,4,1,1,0,2184,0,4561,0,2131,0,4453,0,53,0,108,0
1720214301,0,4,1,1,0,2223,0,4639,0,2184,0,4561,0,39,0,78,0
1720214302,0,4,1,1,0,2279,0,4753,0,2223,0,4639,0,56,0,114,0
1720214303,0,3,1,1,0,2330,0,4855,0,2279,0,4753,0,51,0,102,0
1720214304,0,3,1,1,0,2383,0,4961,0,2330,0,4855,0,53,0,106,0
1720214305,0,3,1,1,0,2438,0,5136,0,2383,0,4961,0,55,0,175,0
1720214306,0,3,1,1,0,2438,0,5136,0,2438,0,5136,0,0,0,0,0
1720214307,0,2,1,1,0,2507,0,5278,0,2438,0,5136,0,69,0,142,0
1720214308,0,3,1,1,0,2564,0,5394,0,2507,0,5278,0,57,0,116,0
1720214309,0,3,1,1,0,2607,0,5480,0,2564,0,5394,0,43,0,86,0
1720214310,0,3,1,1,0,2666,0,5600,0,2607,0,5480,0,59,0,120,0
1720214311,0,3,1,1,0,2724,0,5718,0,2666,0,5600,0,58,0,118,0
1720214312,0,2,1,1,0,2780,0,5832,0,2724,0,5718,0,56,0,114,0
1720214313,0,4,1,1,0,2833,0,5938,0,2780,0,5832,0,53,0,106,0
1720214314,0,4,1,1,0,2870,0,6014,0,2833,0,5938,0,37,0,76,0
1720214315,0,5,1,1,0,2922,0,6118,0,2870,0,6014,0,52,0,104,0
1720214316,0,3,1,1,0,2948,0,6204,0,2922,0,6118,0,26,0,86,0
1720214317,0,2,1,1,0,2994,0,6307,0,2948,0,6204,0,46,0,103,0
1720214318,0,2,1,1,0,3057,0,6435,0,2994,0,6307,0,63,0,128,0
1720214319,0,2,1,1,0,3117,0,6557,0,3057,0,6435,0,60,0,122,0
1720214320,0,2,1,1,0,3162,0,6649,0,3117,0,6557,0,45,0,92,0
1720214321,0,2,1,1,0,3224,0,6773,0,3162,0,6649,0,62,0,124,0
1720214322,0,2,1,1,0,3286,0,6897,0,3224,0,6773,0,62,0,124,0
1720214323,0,0,1,1,0,3343,0,7011,0,3286,0,6897,0,57,0,114,0
1720214324,0,0,1,1,0,3357,0,7039,0,3343,0,7011,0,14,0,28,0
1720214325,0,0,1,1,0,3357,0,7039,0,3357,0,7039,0,0,0,0,0
1720214326,0,0,1,1,0,3357,0,7039,0,3357,0,7039,0,0,0,0,0
1720214327,0,0,1,1,0,3357,0,7039,0,3357,0,7039,0,0,0,0,0
1720214328,0,0,1,1,0,3357,0,7039,0,3357,0,7039,0,0,0,0,0
1720214329,0,0,1,1,0,3357,0,7039,0,3357,0,7039,0,0,0,0,0
1720214330,0,0,1,1,0,3357,0,7039,0,3357,0,7039,0,0,0,0,0
1720214331,0,0,1,1,0,3357,0,7039,0,3357,0,7039,0,0,0,0,0
1720214332,0,0,1,1,0,3357,0,7039,0,3357,0,7039,0,0,0,0,0
1720214333,0,0,1,1,0,3498,0,7040,0,3357,0,7039,0,141,0,1,0
